ñ³÷. 25, 2017 2:11:56 PM org.apache.catalina.core.ApplicationContext log
INFO: ContextListener: contextInitialized()
ñ³÷. 25, 2017 2:11:56 PM org.apache.catalina.core.ApplicationContext log
INFO: SessionListener: contextInitialized()
ñ³÷. 25, 2017 2:11:56 PM org.apache.catalina.core.ApplicationContext log
INFO: ContextListener: attributeAdded('org.apache.jasper.compiler.TldLocationsCache', 'org.apache.jasper.compiler.TldLocationsCache@610249e1')
ñ³÷. 25, 2017 2:29:04 PM org.apache.catalina.core.ApplicationContext log
INFO: SessionListener: contextDestroyed()
ñ³÷. 25, 2017 2:29:04 PM org.apache.catalina.core.ApplicationContext log
INFO: ContextListener: contextDestroyed()
ñ³÷. 25, 2017 2:31:13 PM org.apache.catalina.core.ApplicationContext log
INFO: ContextListener: contextInitialized()
ñ³÷. 25, 2017 2:31:13 PM org.apache.catalina.core.ApplicationContext log
INFO: SessionListener: contextInitialized()
ñ³÷. 25, 2017 2:31:13 PM org.apache.catalina.core.ApplicationContext log
INFO: ContextListener: attributeAdded('org.apache.jasper.compiler.TldLocationsCache', 'org.apache.jasper.compiler.TldLocationsCache@55033413')
ñ³÷. 25, 2017 2:34:26 PM org.apache.catalina.core.ApplicationContext log
INFO: SessionListener: contextDestroyed()
ñ³÷. 25, 2017 2:34:26 PM org.apache.catalina.core.ApplicationContext log
INFO: ContextListener: contextDestroyed()
ñ³÷. 25, 2017 2:34:38 PM org.apache.catalina.core.ApplicationContext log
INFO: ContextListener: contextInitialized()
ñ³÷. 25, 2017 2:34:38 PM org.apache.catalina.core.ApplicationContext log
INFO: SessionListener: contextInitialized()
ñ³÷. 25, 2017 2:34:38 PM org.apache.catalina.core.ApplicationContext log
INFO: ContextListener: attributeAdded('org.apache.jasper.compiler.TldLocationsCache', 'org.apache.jasper.compiler.TldLocationsCache@f342d02')
ñ³÷. 25, 2017 2:37:52 PM org.apache.catalina.core.ApplicationContext log
INFO: SessionListener: contextDestroyed()
ñ³÷. 25, 2017 2:37:52 PM org.apache.catalina.core.ApplicationContext log
INFO: ContextListener: contextDestroyed()
ñ³÷. 25, 2017 2:38:04 PM org.apache.catalina.core.ApplicationContext log
INFO: ContextListener: contextInitialized()
ñ³÷. 25, 2017 2:38:04 PM org.apache.catalina.core.ApplicationContext log
INFO: SessionListener: contextInitialized()
ñ³÷. 25, 2017 2:38:04 PM org.apache.catalina.core.ApplicationContext log
INFO: ContextListener: attributeAdded('org.apache.jasper.compiler.TldLocationsCache', 'org.apache.jasper.compiler.TldLocationsCache@55033413')
ñ³÷. 25, 2017 4:25:49 PM org.apache.catalina.core.ApplicationContext log
INFO: ContextListener: contextInitialized()
ñ³÷. 25, 2017 4:25:49 PM org.apache.catalina.core.ApplicationContext log
INFO: SessionListener: contextInitialized()
ñ³÷. 25, 2017 4:25:49 PM org.apache.catalina.core.ApplicationContext log
INFO: ContextListener: attributeAdded('org.apache.jasper.compiler.TldLocationsCache', 'org.apache.jasper.compiler.TldLocationsCache@13920209')
ñ³÷. 25, 2017 4:25:50 PM org.apache.catalina.core.ApplicationContext log
INFO: SessionListener: contextDestroyed()
ñ³÷. 25, 2017 4:25:50 PM org.apache.catalina.core.ApplicationContext log
INFO: ContextListener: contextDestroyed()
ñ³÷. 25, 2017 4:29:20 PM org.apache.catalina.core.ApplicationContext log
INFO: SessionListener: contextDestroyed()
ñ³÷. 25, 2017 4:29:20 PM org.apache.catalina.core.ApplicationContext log
INFO: ContextListener: contextDestroyed()
ñ³÷. 25, 2017 4:29:59 PM org.apache.catalina.core.ApplicationContext log
INFO: ContextListener: contextInitialized()
ñ³÷. 25, 2017 4:29:59 PM org.apache.catalina.core.ApplicationContext log
INFO: SessionListener: contextInitialized()
ñ³÷. 25, 2017 4:29:59 PM org.apache.catalina.core.ApplicationContext log
INFO: ContextListener: attributeAdded('org.apache.jasper.compiler.TldLocationsCache', 'org.apache.jasper.compiler.TldLocationsCache@408ac85c')
ñ³÷. 25, 2017 4:31:57 PM org.apache.catalina.core.ApplicationContext log
INFO: SessionListener: contextDestroyed()
ñ³÷. 25, 2017 4:31:57 PM org.apache.catalina.core.ApplicationContext log
INFO: ContextListener: contextDestroyed()
ñ³÷. 25, 2017 4:32:44 PM org.apache.catalina.core.ApplicationContext log
INFO: ContextListener: contextInitialized()
ñ³÷. 25, 2017 4:32:44 PM org.apache.catalina.core.ApplicationContext log
INFO: SessionListener: contextInitialized()
ñ³÷. 25, 2017 4:32:44 PM org.apache.catalina.core.ApplicationContext log
INFO: ContextListener: attributeAdded('org.apache.jasper.compiler.TldLocationsCache', 'org.apache.jasper.compiler.TldLocationsCache@f342d02')
ñ³÷. 25, 2017 4:46:22 PM org.apache.catalina.core.ApplicationContext log
INFO: SessionListener: contextDestroyed()
ñ³÷. 25, 2017 4:46:22 PM org.apache.catalina.core.ApplicationContext log
INFO: ContextListener: contextDestroyed()
ñ³÷. 25, 2017 4:55:51 PM org.apache.catalina.core.ApplicationContext log
INFO: ContextListener: contextInitialized()
ñ³÷. 25, 2017 4:55:51 PM org.apache.catalina.core.ApplicationContext log
INFO: SessionListener: contextInitialized()
ñ³÷. 25, 2017 4:55:51 PM org.apache.catalina.core.ApplicationContext log
INFO: ContextListener: attributeAdded('org.apache.jasper.compiler.TldLocationsCache', 'org.apache.jasper.compiler.TldLocationsCache@f342d02')
ñ³÷. 25, 2017 4:58:03 PM org.apache.catalina.core.ApplicationContext log
INFO: SessionListener: contextDestroyed()
ñ³÷. 25, 2017 4:58:03 PM org.apache.catalina.core.ApplicationContext log
INFO: ContextListener: contextDestroyed()
ñ³÷. 25, 2017 4:58:14 PM org.apache.catalina.core.ApplicationContext log
INFO: ContextListener: contextInitialized()
ñ³÷. 25, 2017 4:58:14 PM org.apache.catalina.core.ApplicationContext log
INFO: SessionListener: contextInitialized()
ñ³÷. 25, 2017 4:58:14 PM org.apache.catalina.core.ApplicationContext log
INFO: ContextListener: attributeAdded('org.apache.jasper.compiler.TldLocationsCache', 'org.apache.jasper.compiler.TldLocationsCache@f342d02')
ñ³÷. 25, 2017 5:02:09 PM org.apache.catalina.core.ApplicationContext log
INFO: Marking servlet WsChatServlet as unavailable
ñ³÷. 25, 2017 5:02:09 PM org.apache.catalina.core.StandardWrapperValve invoke
SEVERE: Allocate exception for servlet WsChatServlet
java.lang.ClassNotFoundException: wsapp.WsChatServlet
	at org.apache.catalina.loader.WebappClassLoaderBase.loadClass(WebappClassLoaderBase.java:1892)
	at org.apache.catalina.loader.WebappClassLoaderBase.loadClass(WebappClassLoaderBase.java:1735)
	at org.apache.catalina.core.DefaultInstanceManager.loadClass(DefaultInstanceManager.java:504)
	at org.apache.catalina.core.DefaultInstanceManager.loadClassMaybePrivileged(DefaultInstanceManager.java:486)
	at org.apache.catalina.core.DefaultInstanceManager.newInstance(DefaultInstanceManager.java:113)
	at org.apache.catalina.core.StandardWrapper.loadServlet(StandardWrapper.java:1133)
	at org.apache.catalina.core.StandardWrapper.allocate(StandardWrapper.java:853)
	at org.apache.catalina.core.StandardWrapperValve.invoke(StandardWrapperValve.java:134)
	at org.apache.catalina.core.StandardContextValve.invoke(StandardContextValve.java:110)
	at org.apache.catalina.core.StandardHostValve.invoke(StandardHostValve.java:169)
	at org.apache.catalina.valves.ErrorReportValve.invoke(ErrorReportValve.java:103)
	at org.apache.catalina.valves.AccessLogValve.invoke(AccessLogValve.java:962)
	at org.apache.catalina.core.StandardEngineValve.invoke(StandardEngineValve.java:116)
	at org.apache.catalina.connector.CoyoteAdapter.service(CoyoteAdapter.java:452)
	at org.apache.coyote.http11.AbstractHttp11Processor.process(AbstractHttp11Processor.java:1087)
	at org.apache.coyote.AbstractProtocol$AbstractConnectionHandler.process(AbstractProtocol.java:637)
	at org.apache.tomcat.util.net.JIoEndpoint$SocketProcessor.run(JIoEndpoint.java:316)
	at java.util.concurrent.ThreadPoolExecutor.runWorker(Unknown Source)
	at java.util.concurrent.ThreadPoolExecutor$Worker.run(Unknown Source)
	at org.apache.tomcat.util.threads.TaskThread$WrappingRunnable.run(TaskThread.java:61)
	at java.lang.Thread.run(Unknown Source)

ñ³÷. 25, 2017 5:11:02 PM org.apache.catalina.core.ApplicationContext log
INFO: SessionListener: contextDestroyed()
ñ³÷. 25, 2017 5:11:02 PM org.apache.catalina.core.ApplicationContext log
INFO: ContextListener: contextDestroyed()
ñ³÷. 25, 2017 5:11:35 PM org.apache.catalina.core.ApplicationContext log
INFO: ContextListener: contextInitialized()
ñ³÷. 25, 2017 5:11:35 PM org.apache.catalina.core.ApplicationContext log
INFO: SessionListener: contextInitialized()
ñ³÷. 25, 2017 5:11:35 PM org.apache.catalina.core.ApplicationContext log
INFO: ContextListener: attributeAdded('org.apache.jasper.compiler.TldLocationsCache', 'org.apache.jasper.compiler.TldLocationsCache@55033413')
ñ³÷. 25, 2017 5:12:27 PM org.apache.catalina.core.ApplicationContext log
INFO: SessionListener: contextDestroyed()
ñ³÷. 25, 2017 5:12:27 PM org.apache.catalina.core.ApplicationContext log
INFO: ContextListener: contextDestroyed()
ñ³÷. 25, 2017 5:12:39 PM org.apache.catalina.core.ApplicationContext log
INFO: ContextListener: contextInitialized()
ñ³÷. 25, 2017 5:12:39 PM org.apache.catalina.core.ApplicationContext log
INFO: SessionListener: contextInitialized()
ñ³÷. 25, 2017 5:12:39 PM org.apache.catalina.core.ApplicationContext log
INFO: ContextListener: attributeAdded('org.apache.jasper.compiler.TldLocationsCache', 'org.apache.jasper.compiler.TldLocationsCache@f342d02')
ñ³÷. 25, 2017 5:13:29 PM org.apache.catalina.core.ApplicationContext log
INFO: Marking servlet WsChatServlet as unavailable
ñ³÷. 25, 2017 5:13:29 PM org.apache.catalina.core.StandardWrapperValve invoke
SEVERE: Allocate exception for servlet WsChatServlet
java.lang.ClassCastException: wsapp.WsChatServlet cannot be cast to javax.servlet.Servlet
	at org.apache.catalina.core.StandardWrapper.loadServlet(StandardWrapper.java:1133)
	at org.apache.catalina.core.StandardWrapper.allocate(StandardWrapper.java:853)
	at org.apache.catalina.core.StandardWrapperValve.invoke(StandardWrapperValve.java:134)
	at org.apache.catalina.core.StandardContextValve.invoke(StandardContextValve.java:110)
	at org.apache.catalina.core.StandardHostValve.invoke(StandardHostValve.java:169)
	at org.apache.catalina.valves.ErrorReportValve.invoke(ErrorReportValve.java:103)
	at org.apache.catalina.valves.AccessLogValve.invoke(AccessLogValve.java:962)
	at org.apache.catalina.core.StandardEngineValve.invoke(StandardEngineValve.java:116)
	at org.apache.catalina.connector.CoyoteAdapter.service(CoyoteAdapter.java:452)
	at org.apache.coyote.http11.AbstractHttp11Processor.process(AbstractHttp11Processor.java:1087)
	at org.apache.coyote.AbstractProtocol$AbstractConnectionHandler.process(AbstractProtocol.java:637)
	at org.apache.tomcat.util.net.JIoEndpoint$SocketProcessor.run(JIoEndpoint.java:316)
	at java.util.concurrent.ThreadPoolExecutor.runWorker(Unknown Source)
	at java.util.concurrent.ThreadPoolExecutor$Worker.run(Unknown Source)
	at org.apache.tomcat.util.threads.TaskThread$WrappingRunnable.run(TaskThread.java:61)
	at java.lang.Thread.run(Unknown Source)

ñ³÷. 25, 2017 5:15:13 PM org.apache.catalina.core.ApplicationContext log
INFO: SessionListener: contextDestroyed()
ñ³÷. 25, 2017 5:15:13 PM org.apache.catalina.core.ApplicationContext log
INFO: ContextListener: contextDestroyed()
ñ³÷. 25, 2017 5:19:18 PM org.apache.catalina.core.ApplicationContext log
INFO: ContextListener: contextInitialized()
ñ³÷. 25, 2017 5:19:18 PM org.apache.catalina.core.ApplicationContext log
INFO: SessionListener: contextInitialized()
ñ³÷. 25, 2017 5:19:18 PM org.apache.catalina.core.ApplicationContext log
INFO: ContextListener: attributeAdded('org.apache.jasper.compiler.TldLocationsCache', 'org.apache.jasper.compiler.TldLocationsCache@610249e1')
ñ³÷. 25, 2017 5:20:07 PM org.apache.catalina.core.ApplicationContext log
INFO: Marking servlet WsChatServlet as unavailable
ñ³÷. 25, 2017 5:20:07 PM org.apache.catalina.core.StandardWrapperValve invoke
SEVERE: Allocate exception for servlet WsChatServlet
java.lang.ClassCastException: wsapp.WsChatServlet cannot be cast to javax.servlet.Servlet
	at org.apache.catalina.core.StandardWrapper.loadServlet(StandardWrapper.java:1133)
	at org.apache.catalina.core.StandardWrapper.allocate(StandardWrapper.java:853)
	at org.apache.catalina.core.StandardWrapperValve.invoke(StandardWrapperValve.java:134)
	at org.apache.catalina.core.StandardContextValve.invoke(StandardContextValve.java:110)
	at org.apache.catalina.core.StandardHostValve.invoke(StandardHostValve.java:169)
	at org.apache.catalina.valves.ErrorReportValve.invoke(ErrorReportValve.java:103)
	at org.apache.catalina.valves.AccessLogValve.invoke(AccessLogValve.java:962)
	at org.apache.catalina.core.StandardEngineValve.invoke(StandardEngineValve.java:116)
	at org.apache.catalina.connector.CoyoteAdapter.service(CoyoteAdapter.java:452)
	at org.apache.coyote.http11.AbstractHttp11Processor.process(AbstractHttp11Processor.java:1087)
	at org.apache.coyote.AbstractProtocol$AbstractConnectionHandler.process(AbstractProtocol.java:637)
	at org.apache.tomcat.util.net.JIoEndpoint$SocketProcessor.run(JIoEndpoint.java:318)
	at java.util.concurrent.ThreadPoolExecutor.runWorker(Unknown Source)
	at java.util.concurrent.ThreadPoolExecutor$Worker.run(Unknown Source)
	at org.apache.tomcat.util.threads.TaskThread$WrappingRunnable.run(TaskThread.java:61)
	at java.lang.Thread.run(Unknown Source)

ñ³÷. 25, 2017 5:24:42 PM org.apache.catalina.core.ApplicationContext log
INFO: SessionListener: contextDestroyed()
ñ³÷. 25, 2017 5:24:42 PM org.apache.catalina.core.ApplicationContext log
INFO: ContextListener: contextDestroyed()
ñ³÷. 25, 2017 5:24:52 PM org.apache.catalina.core.ApplicationContext log
INFO: ContextListener: contextInitialized()
ñ³÷. 25, 2017 5:24:52 PM org.apache.catalina.core.ApplicationContext log
INFO: SessionListener: contextInitialized()
ñ³÷. 25, 2017 5:24:52 PM org.apache.catalina.core.ApplicationContext log
INFO: ContextListener: attributeAdded('org.apache.jasper.compiler.TldLocationsCache', 'org.apache.jasper.compiler.TldLocationsCache@55033413')
ñ³÷. 25, 2017 5:26:07 PM org.apache.catalina.core.ApplicationContext log
INFO: Marking servlet WsChatServlet as unavailable
ñ³÷. 25, 2017 5:26:07 PM org.apache.catalina.core.StandardWrapperValve invoke
SEVERE: Allocate exception for servlet WsChatServlet
java.lang.ClassCastException: wsapp.WsChatServlet cannot be cast to javax.servlet.Servlet
	at org.apache.catalina.core.StandardWrapper.loadServlet(StandardWrapper.java:1133)
	at org.apache.catalina.core.StandardWrapper.allocate(StandardWrapper.java:853)
	at org.apache.catalina.core.StandardWrapperValve.invoke(StandardWrapperValve.java:134)
	at org.apache.catalina.core.StandardContextValve.invoke(StandardContextValve.java:110)
	at org.apache.catalina.core.StandardHostValve.invoke(StandardHostValve.java:169)
	at org.apache.catalina.valves.ErrorReportValve.invoke(ErrorReportValve.java:103)
	at org.apache.catalina.valves.AccessLogValve.invoke(AccessLogValve.java:962)
	at org.apache.catalina.core.StandardEngineValve.invoke(StandardEngineValve.java:116)
	at org.apache.catalina.connector.CoyoteAdapter.service(CoyoteAdapter.java:452)
	at org.apache.coyote.http11.AbstractHttp11Processor.process(AbstractHttp11Processor.java:1087)
	at org.apache.coyote.AbstractProtocol$AbstractConnectionHandler.process(AbstractProtocol.java:637)
	at org.apache.tomcat.util.net.JIoEndpoint$SocketProcessor.run(JIoEndpoint.java:316)
	at java.util.concurrent.ThreadPoolExecutor.runWorker(Unknown Source)
	at java.util.concurrent.ThreadPoolExecutor$Worker.run(Unknown Source)
	at org.apache.tomcat.util.threads.TaskThread$WrappingRunnable.run(TaskThread.java:61)
	at java.lang.Thread.run(Unknown Source)

ñ³÷. 25, 2017 5:33:25 PM org.apache.catalina.core.ApplicationContext log
INFO: SessionListener: contextDestroyed()
ñ³÷. 25, 2017 5:33:25 PM org.apache.catalina.core.ApplicationContext log
INFO: ContextListener: contextDestroyed()
ñ³÷. 25, 2017 5:33:39 PM org.apache.catalina.core.ApplicationContext log
INFO: ContextListener: contextInitialized()
ñ³÷. 25, 2017 5:33:39 PM org.apache.catalina.core.ApplicationContext log
INFO: SessionListener: contextInitialized()
ñ³÷. 25, 2017 5:33:39 PM org.apache.catalina.core.ApplicationContext log
INFO: ContextListener: attributeAdded('org.apache.jasper.compiler.TldLocationsCache', 'org.apache.jasper.compiler.TldLocationsCache@f342d02')
ñ³÷. 25, 2017 5:33:45 PM org.apache.catalina.core.ApplicationContext log
INFO: Marking servlet WsChatServlet as unavailable
ñ³÷. 25, 2017 5:33:45 PM org.apache.catalina.core.StandardWrapperValve invoke
SEVERE: Allocate exception for servlet WsChatServlet
java.lang.ClassNotFoundException: wsapp.WsChatServlet
	at org.apache.catalina.loader.WebappClassLoaderBase.loadClass(WebappClassLoaderBase.java:1892)
	at org.apache.catalina.loader.WebappClassLoaderBase.loadClass(WebappClassLoaderBase.java:1735)
	at org.apache.catalina.core.DefaultInstanceManager.loadClass(DefaultInstanceManager.java:504)
	at org.apache.catalina.core.DefaultInstanceManager.loadClassMaybePrivileged(DefaultInstanceManager.java:486)
	at org.apache.catalina.core.DefaultInstanceManager.newInstance(DefaultInstanceManager.java:113)
	at org.apache.catalina.core.StandardWrapper.loadServlet(StandardWrapper.java:1133)
	at org.apache.catalina.core.StandardWrapper.allocate(StandardWrapper.java:853)
	at org.apache.catalina.core.StandardWrapperValve.invoke(StandardWrapperValve.java:134)
	at org.apache.catalina.core.StandardContextValve.invoke(StandardContextValve.java:110)
	at org.apache.catalina.core.StandardHostValve.invoke(StandardHostValve.java:169)
	at org.apache.catalina.valves.ErrorReportValve.invoke(ErrorReportValve.java:103)
	at org.apache.catalina.valves.AccessLogValve.invoke(AccessLogValve.java:962)
	at org.apache.catalina.core.StandardEngineValve.invoke(StandardEngineValve.java:116)
	at org.apache.catalina.connector.CoyoteAdapter.service(CoyoteAdapter.java:452)
	at org.apache.coyote.http11.AbstractHttp11Processor.process(AbstractHttp11Processor.java:1087)
	at org.apache.coyote.AbstractProtocol$AbstractConnectionHandler.process(AbstractProtocol.java:637)
	at org.apache.tomcat.util.net.JIoEndpoint$SocketProcessor.run(JIoEndpoint.java:316)
	at java.util.concurrent.ThreadPoolExecutor.runWorker(Unknown Source)
	at java.util.concurrent.ThreadPoolExecutor$Worker.run(Unknown Source)
	at org.apache.tomcat.util.threads.TaskThread$WrappingRunnable.run(TaskThread.java:61)
	at java.lang.Thread.run(Unknown Source)

ñ³÷. 25, 2017 5:39:11 PM org.apache.catalina.core.ApplicationContext log
INFO: SessionListener: contextDestroyed()
ñ³÷. 25, 2017 5:39:11 PM org.apache.catalina.core.ApplicationContext log
INFO: ContextListener: contextDestroyed()
ñ³÷. 25, 2017 5:39:21 PM org.apache.catalina.core.ApplicationContext log
INFO: ContextListener: contextInitialized()
ñ³÷. 25, 2017 5:39:21 PM org.apache.catalina.core.ApplicationContext log
INFO: SessionListener: contextInitialized()
ñ³÷. 25, 2017 5:39:21 PM org.apache.catalina.core.ApplicationContext log
INFO: ContextListener: attributeAdded('org.apache.jasper.compiler.TldLocationsCache', 'org.apache.jasper.compiler.TldLocationsCache@610249e1')
ñ³÷. 25, 2017 5:44:51 PM org.apache.catalina.core.ApplicationContext log
INFO: SessionListener: contextDestroyed()
ñ³÷. 25, 2017 5:44:51 PM org.apache.catalina.core.ApplicationContext log
INFO: ContextListener: contextDestroyed()
ñ³÷. 25, 2017 5:45:02 PM org.apache.catalina.core.ApplicationContext log
INFO: ContextListener: contextInitialized()
ñ³÷. 25, 2017 5:45:02 PM org.apache.catalina.core.ApplicationContext log
INFO: SessionListener: contextInitialized()
ñ³÷. 25, 2017 5:45:02 PM org.apache.catalina.core.ApplicationContext log
INFO: ContextListener: attributeAdded('org.apache.jasper.compiler.TldLocationsCache', 'org.apache.jasper.compiler.TldLocationsCache@f342d02')
ñ³÷. 25, 2017 5:56:20 PM org.apache.catalina.core.ApplicationContext log
INFO: SessionListener: contextDestroyed()
ñ³÷. 25, 2017 5:56:20 PM org.apache.catalina.core.ApplicationContext log
INFO: ContextListener: contextDestroyed()
ñ³÷. 25, 2017 5:56:33 PM org.apache.catalina.core.ApplicationContext log
INFO: ContextListener: contextInitialized()
ñ³÷. 25, 2017 5:56:33 PM org.apache.catalina.core.ApplicationContext log
INFO: SessionListener: contextInitialized()
ñ³÷. 25, 2017 5:56:33 PM org.apache.catalina.core.ApplicationContext log
INFO: ContextListener: attributeAdded('org.apache.jasper.compiler.TldLocationsCache', 'org.apache.jasper.compiler.TldLocationsCache@55033413')
ñ³÷. 25, 2017 5:57:04 PM org.apache.catalina.core.ApplicationContext log
INFO: SessionListener: contextDestroyed()
ñ³÷. 25, 2017 5:57:04 PM org.apache.catalina.core.ApplicationContext log
INFO: ContextListener: contextDestroyed()
ñ³÷. 25, 2017 5:57:14 PM org.apache.catalina.core.ApplicationContext log
INFO: ContextListener: contextInitialized()
ñ³÷. 25, 2017 5:57:14 PM org.apache.catalina.core.ApplicationContext log
INFO: SessionListener: contextInitialized()
ñ³÷. 25, 2017 5:57:14 PM org.apache.catalina.core.ApplicationContext log
INFO: ContextListener: attributeAdded('org.apache.jasper.compiler.TldLocationsCache', 'org.apache.jasper.compiler.TldLocationsCache@55033413')
ñ³÷. 25, 2017 5:59:49 PM org.apache.catalina.core.ApplicationContext log
INFO: SessionListener: contextDestroyed()
ñ³÷. 25, 2017 5:59:49 PM org.apache.catalina.core.ApplicationContext log
INFO: ContextListener: contextDestroyed()
ñ³÷. 25, 2017 6:01:47 PM org.apache.catalina.core.ApplicationContext log
INFO: ContextListener: contextInitialized()
ñ³÷. 25, 2017 6:01:47 PM org.apache.catalina.core.ApplicationContext log
INFO: SessionListener: contextInitialized()
ñ³÷. 25, 2017 6:01:48 PM org.apache.catalina.core.ApplicationContext log
INFO: ContextListener: attributeAdded('org.apache.jasper.compiler.TldLocationsCache', 'org.apache.jasper.compiler.TldLocationsCache@610249e1')
ñ³÷. 25, 2017 6:03:15 PM org.apache.catalina.core.ApplicationContext log
INFO: SessionListener: contextDestroyed()
ñ³÷. 25, 2017 6:03:15 PM org.apache.catalina.core.ApplicationContext log
INFO: ContextListener: contextDestroyed()
ñ³÷. 25, 2017 6:14:00 PM org.apache.catalina.core.ApplicationContext log
INFO: ContextListener: contextInitialized()
ñ³÷. 25, 2017 6:14:00 PM org.apache.catalina.core.ApplicationContext log
INFO: SessionListener: contextInitialized()
ñ³÷. 25, 2017 6:14:00 PM org.apache.catalina.core.ApplicationContext log
INFO: ContextListener: attributeAdded('org.apache.jasper.compiler.TldLocationsCache', 'org.apache.jasper.compiler.TldLocationsCache@55033413')
ñ³÷. 25, 2017 6:15:15 PM org.apache.catalina.core.ApplicationContext log
INFO: SessionListener: contextDestroyed()
ñ³÷. 25, 2017 6:15:15 PM org.apache.catalina.core.ApplicationContext log
INFO: ContextListener: contextDestroyed()
ñ³÷. 25, 2017 6:17:39 PM org.apache.catalina.core.ApplicationContext log
INFO: ContextListener: contextInitialized()
ñ³÷. 25, 2017 6:17:39 PM org.apache.catalina.core.ApplicationContext log
INFO: SessionListener: contextInitialized()
ñ³÷. 25, 2017 6:17:39 PM org.apache.catalina.core.ApplicationContext log
INFO: ContextListener: attributeAdded('org.apache.jasper.compiler.TldLocationsCache', 'org.apache.jasper.compiler.TldLocationsCache@610249e1')
ñ³÷. 25, 2017 6:23:21 PM org.apache.catalina.core.ApplicationContext log
INFO: SessionListener: contextDestroyed()
ñ³÷. 25, 2017 6:23:21 PM org.apache.catalina.core.ApplicationContext log
INFO: ContextListener: contextDestroyed()
ñ³÷. 25, 2017 6:23:32 PM org.apache.catalina.core.ApplicationContext log
INFO: ContextListener: contextInitialized()
ñ³÷. 25, 2017 6:23:32 PM org.apache.catalina.core.ApplicationContext log
INFO: SessionListener: contextInitialized()
ñ³÷. 25, 2017 6:23:32 PM org.apache.catalina.core.ApplicationContext log
INFO: ContextListener: attributeAdded('org.apache.jasper.compiler.TldLocationsCache', 'org.apache.jasper.compiler.TldLocationsCache@55033413')
ñ³÷. 25, 2017 6:24:45 PM org.apache.catalina.core.ApplicationContext log
INFO: SessionListener: contextDestroyed()
ñ³÷. 25, 2017 6:24:45 PM org.apache.catalina.core.ApplicationContext log
INFO: ContextListener: contextDestroyed()
ñ³÷. 25, 2017 6:24:56 PM org.apache.catalina.core.ApplicationContext log
INFO: ContextListener: contextInitialized()
ñ³÷. 25, 2017 6:24:56 PM org.apache.catalina.core.ApplicationContext log
INFO: SessionListener: contextInitialized()
ñ³÷. 25, 2017 6:24:56 PM org.apache.catalina.core.ApplicationContext log
INFO: ContextListener: attributeAdded('org.apache.jasper.compiler.TldLocationsCache', 'org.apache.jasper.compiler.TldLocationsCache@610249e1')
ñ³÷. 25, 2017 6:30:20 PM org.apache.catalina.core.ApplicationContext log
INFO: SessionListener: contextDestroyed()
ñ³÷. 25, 2017 6:30:20 PM org.apache.catalina.core.ApplicationContext log
INFO: ContextListener: contextDestroyed()
ñ³÷. 25, 2017 6:32:40 PM org.apache.catalina.core.ApplicationContext log
INFO: ContextListener: contextInitialized()
ñ³÷. 25, 2017 6:32:40 PM org.apache.catalina.core.ApplicationContext log
INFO: SessionListener: contextInitialized()
ñ³÷. 25, 2017 6:32:40 PM org.apache.catalina.core.ApplicationContext log
INFO: ContextListener: attributeAdded('org.apache.jasper.compiler.TldLocationsCache', 'org.apache.jasper.compiler.TldLocationsCache@7aee05e6')
ñ³÷. 25, 2017 6:33:06 PM org.apache.catalina.core.ApplicationContext log
INFO: SessionListener: contextDestroyed()
ñ³÷. 25, 2017 6:33:06 PM org.apache.catalina.core.ApplicationContext log
INFO: ContextListener: contextDestroyed()
ñ³÷. 25, 2017 6:36:19 PM org.apache.catalina.core.ApplicationContext log
INFO: ContextListener: contextInitialized()
ñ³÷. 25, 2017 6:36:19 PM org.apache.catalina.core.ApplicationContext log
INFO: SessionListener: contextInitialized()
ñ³÷. 25, 2017 6:36:19 PM org.apache.catalina.core.ApplicationContext log
INFO: ContextListener: attributeAdded('org.apache.jasper.compiler.TldLocationsCache', 'org.apache.jasper.compiler.TldLocationsCache@7aee05e6')
ñ³÷. 25, 2017 6:36:42 PM org.apache.catalina.core.ApplicationContext log
INFO: Marking servlet WsChatServlet as unavailable
ñ³÷. 25, 2017 6:36:42 PM org.apache.catalina.core.StandardWrapperValve invoke
SEVERE: Allocate exception for servlet WsChatServlet
java.lang.ClassCastException: ChatServlet cannot be cast to javax.servlet.Servlet
	at org.apache.catalina.core.StandardWrapper.loadServlet(StandardWrapper.java:1133)
	at org.apache.catalina.core.StandardWrapper.allocate(StandardWrapper.java:853)
	at org.apache.catalina.core.StandardWrapperValve.invoke(StandardWrapperValve.java:134)
	at org.apache.catalina.core.StandardContextValve.invoke(StandardContextValve.java:110)
	at org.apache.catalina.core.StandardHostValve.invoke(StandardHostValve.java:169)
	at org.apache.catalina.valves.ErrorReportValve.invoke(ErrorReportValve.java:103)
	at org.apache.catalina.valves.AccessLogValve.invoke(AccessLogValve.java:962)
	at org.apache.catalina.core.StandardEngineValve.invoke(StandardEngineValve.java:116)
	at org.apache.catalina.connector.CoyoteAdapter.service(CoyoteAdapter.java:452)
	at org.apache.coyote.http11.AbstractHttp11Processor.process(AbstractHttp11Processor.java:1087)
	at org.apache.coyote.AbstractProtocol$AbstractConnectionHandler.process(AbstractProtocol.java:637)
	at org.apache.tomcat.util.net.JIoEndpoint$SocketProcessor.run(JIoEndpoint.java:316)
	at java.util.concurrent.ThreadPoolExecutor.runWorker(Unknown Source)
	at java.util.concurrent.ThreadPoolExecutor$Worker.run(Unknown Source)
	at org.apache.tomcat.util.threads.TaskThread$WrappingRunnable.run(TaskThread.java:61)
	at java.lang.Thread.run(Unknown Source)

ñ³÷. 25, 2017 6:38:04 PM org.apache.catalina.core.ApplicationContext log
INFO: SessionListener: contextDestroyed()
ñ³÷. 25, 2017 6:38:04 PM org.apache.catalina.core.ApplicationContext log
INFO: ContextListener: contextDestroyed()
ñ³÷. 25, 2017 6:38:14 PM org.apache.catalina.core.ApplicationContext log
INFO: ContextListener: contextInitialized()
ñ³÷. 25, 2017 6:38:14 PM org.apache.catalina.core.ApplicationContext log
INFO: SessionListener: contextInitialized()
ñ³÷. 25, 2017 6:38:14 PM org.apache.catalina.core.ApplicationContext log
INFO: ContextListener: attributeAdded('org.apache.jasper.compiler.TldLocationsCache', 'org.apache.jasper.compiler.TldLocationsCache@61793a2d')
ñ³÷. 25, 2017 6:38:16 PM org.apache.catalina.core.ApplicationContext log
INFO: Marking servlet WsChatServlet as unavailable
ñ³÷. 25, 2017 6:38:16 PM org.apache.catalina.core.StandardWrapperValve invoke
SEVERE: Allocate exception for servlet WsChatServlet
java.lang.ClassCastException: ChatServlet cannot be cast to javax.servlet.Servlet
	at org.apache.catalina.core.StandardWrapper.loadServlet(StandardWrapper.java:1133)
	at org.apache.catalina.core.StandardWrapper.allocate(StandardWrapper.java:853)
	at org.apache.catalina.core.StandardWrapperValve.invoke(StandardWrapperValve.java:134)
	at org.apache.catalina.core.StandardContextValve.invoke(StandardContextValve.java:110)
	at org.apache.catalina.core.StandardHostValve.invoke(StandardHostValve.java:169)
	at org.apache.catalina.valves.ErrorReportValve.invoke(ErrorReportValve.java:103)
	at org.apache.catalina.valves.AccessLogValve.invoke(AccessLogValve.java:962)
	at org.apache.catalina.core.StandardEngineValve.invoke(StandardEngineValve.java:116)
	at org.apache.catalina.connector.CoyoteAdapter.service(CoyoteAdapter.java:452)
	at org.apache.coyote.http11.AbstractHttp11Processor.process(AbstractHttp11Processor.java:1087)
	at org.apache.coyote.AbstractProtocol$AbstractConnectionHandler.process(AbstractProtocol.java:637)
	at org.apache.tomcat.util.net.JIoEndpoint$SocketProcessor.run(JIoEndpoint.java:316)
	at java.util.concurrent.ThreadPoolExecutor.runWorker(Unknown Source)
	at java.util.concurrent.ThreadPoolExecutor$Worker.run(Unknown Source)
	at org.apache.tomcat.util.threads.TaskThread$WrappingRunnable.run(TaskThread.java:61)
	at java.lang.Thread.run(Unknown Source)

ñ³÷. 25, 2017 6:41:58 PM org.apache.catalina.core.ApplicationContext log
INFO: SessionListener: contextDestroyed()
ñ³÷. 25, 2017 6:41:58 PM org.apache.catalina.core.ApplicationContext log
INFO: ContextListener: contextDestroyed()
ñ³÷. 25, 2017 6:43:13 PM org.apache.catalina.core.ApplicationContext log
INFO: ContextListener: contextInitialized()
ñ³÷. 25, 2017 6:43:13 PM org.apache.catalina.core.ApplicationContext log
INFO: SessionListener: contextInitialized()
ñ³÷. 25, 2017 6:43:13 PM org.apache.catalina.core.ApplicationContext log
INFO: ContextListener: attributeAdded('org.apache.jasper.compiler.TldLocationsCache', 'org.apache.jasper.compiler.TldLocationsCache@72fc92a7')
ñ³÷. 25, 2017 7:04:25 PM org.apache.catalina.core.ApplicationContext log
INFO: SessionListener: contextDestroyed()
ñ³÷. 25, 2017 7:04:25 PM org.apache.catalina.core.ApplicationContext log
INFO: ContextListener: contextDestroyed()
ñ³÷. 25, 2017 7:04:35 PM org.apache.catalina.core.ApplicationContext log
INFO: ContextListener: contextInitialized()
ñ³÷. 25, 2017 7:04:35 PM org.apache.catalina.core.ApplicationContext log
INFO: SessionListener: contextInitialized()
ñ³÷. 25, 2017 7:04:35 PM org.apache.catalina.core.ApplicationContext log
INFO: ContextListener: attributeAdded('org.apache.jasper.compiler.TldLocationsCache', 'org.apache.jasper.compiler.TldLocationsCache@6394df83')
ñ³÷. 25, 2017 7:15:41 PM org.apache.catalina.core.ApplicationContext log
INFO: SessionListener: contextDestroyed()
ñ³÷. 25, 2017 7:15:41 PM org.apache.catalina.core.ApplicationContext log
INFO: ContextListener: contextDestroyed()
ñ³÷. 25, 2017 7:15:52 PM org.apache.catalina.core.ApplicationContext log
INFO: ContextListener: contextInitialized()
ñ³÷. 25, 2017 7:15:52 PM org.apache.catalina.core.ApplicationContext log
INFO: SessionListener: contextInitialized()
ñ³÷. 25, 2017 7:15:52 PM org.apache.catalina.core.ApplicationContext log
INFO: ContextListener: attributeAdded('org.apache.jasper.compiler.TldLocationsCache', 'org.apache.jasper.compiler.TldLocationsCache@33e5f3b1')
ñ³÷. 25, 2017 7:16:50 PM org.apache.catalina.core.ApplicationContext log
INFO: SessionListener: contextDestroyed()
ñ³÷. 25, 2017 7:16:50 PM org.apache.catalina.core.ApplicationContext log
INFO: ContextListener: contextDestroyed()
ñ³÷. 25, 2017 7:17:00 PM org.apache.catalina.core.ApplicationContext log
INFO: ContextListener: contextInitialized()
ñ³÷. 25, 2017 7:17:00 PM org.apache.catalina.core.ApplicationContext log
INFO: SessionListener: contextInitialized()
ñ³÷. 25, 2017 7:17:00 PM org.apache.catalina.core.ApplicationContext log
INFO: ContextListener: attributeAdded('org.apache.jasper.compiler.TldLocationsCache', 'org.apache.jasper.compiler.TldLocationsCache@6394df83')
ñ³÷. 25, 2017 7:18:20 PM org.apache.catalina.core.ApplicationContext log
INFO: SessionListener: contextDestroyed()
ñ³÷. 25, 2017 7:18:20 PM org.apache.catalina.core.ApplicationContext log
INFO: ContextListener: contextDestroyed()
ñ³÷. 25, 2017 7:18:30 PM org.apache.catalina.core.ApplicationContext log
INFO: ContextListener: contextInitialized()
ñ³÷. 25, 2017 7:18:30 PM org.apache.catalina.core.ApplicationContext log
INFO: SessionListener: contextInitialized()
ñ³÷. 25, 2017 7:18:30 PM org.apache.catalina.core.ApplicationContext log
INFO: ContextListener: attributeAdded('org.apache.jasper.compiler.TldLocationsCache', 'org.apache.jasper.compiler.TldLocationsCache@6394df83')
ñ³÷. 25, 2017 7:22:14 PM org.apache.catalina.core.ApplicationContext log
INFO: SessionListener: contextDestroyed()
ñ³÷. 25, 2017 7:22:14 PM org.apache.catalina.core.ApplicationContext log
INFO: ContextListener: contextDestroyed()
ñ³÷. 25, 2017 7:22:24 PM org.apache.catalina.core.ApplicationContext log
INFO: ContextListener: contextInitialized()
ñ³÷. 25, 2017 7:22:24 PM org.apache.catalina.core.ApplicationContext log
INFO: SessionListener: contextInitialized()
ñ³÷. 25, 2017 7:22:24 PM org.apache.catalina.core.ApplicationContext log
INFO: ContextListener: attributeAdded('org.apache.jasper.compiler.TldLocationsCache', 'org.apache.jasper.compiler.TldLocationsCache@da58334')
ñ³÷. 25, 2017 7:24:43 PM org.apache.catalina.core.ApplicationContext log
INFO: SessionListener: contextDestroyed()
ñ³÷. 25, 2017 7:24:43 PM org.apache.catalina.core.ApplicationContext log
INFO: ContextListener: contextDestroyed()
ñ³÷. 25, 2017 7:24:53 PM org.apache.catalina.core.ApplicationContext log
INFO: ContextListener: contextInitialized()
ñ³÷. 25, 2017 7:24:53 PM org.apache.catalina.core.ApplicationContext log
INFO: SessionListener: contextInitialized()
ñ³÷. 25, 2017 7:24:53 PM org.apache.catalina.core.ApplicationContext log
INFO: ContextListener: attributeAdded('org.apache.jasper.compiler.TldLocationsCache', 'org.apache.jasper.compiler.TldLocationsCache@2577a98b')
ñ³÷. 25, 2017 7:27:13 PM org.apache.catalina.core.ApplicationContext log
INFO: SessionListener: contextDestroyed()
ñ³÷. 25, 2017 7:27:13 PM org.apache.catalina.core.ApplicationContext log
INFO: ContextListener: contextDestroyed()
ñ³÷. 25, 2017 7:27:31 PM org.apache.catalina.core.ApplicationContext log
INFO: ContextListener: contextInitialized()
ñ³÷. 25, 2017 7:27:31 PM org.apache.catalina.core.ApplicationContext log
INFO: SessionListener: contextInitialized()
ñ³÷. 25, 2017 7:27:31 PM org.apache.catalina.core.ApplicationContext log
INFO: ContextListener: attributeAdded('org.apache.jasper.compiler.TldLocationsCache', 'org.apache.jasper.compiler.TldLocationsCache@6394df83')
ñ³÷. 25, 2017 7:30:29 PM org.apache.catalina.core.ApplicationContext log
INFO: SessionListener: contextDestroyed()
ñ³÷. 25, 2017 7:30:29 PM org.apache.catalina.core.ApplicationContext log
INFO: ContextListener: contextDestroyed()
ñ³÷. 25, 2017 7:30:43 PM org.apache.catalina.core.ApplicationContext log
INFO: ContextListener: contextInitialized()
ñ³÷. 25, 2017 7:30:43 PM org.apache.catalina.core.ApplicationContext log
INFO: SessionListener: contextInitialized()
ñ³÷. 25, 2017 7:30:43 PM org.apache.catalina.core.ApplicationContext log
INFO: ContextListener: attributeAdded('org.apache.jasper.compiler.TldLocationsCache', 'org.apache.jasper.compiler.TldLocationsCache@33ca2189')
ñ³÷. 25, 2017 7:34:30 PM org.apache.catalina.core.ApplicationContext log
INFO: SessionListener: contextDestroyed()
ñ³÷. 25, 2017 7:34:30 PM org.apache.catalina.core.ApplicationContext log
INFO: ContextListener: contextDestroyed()
ñ³÷. 25, 2017 7:35:00 PM org.apache.catalina.core.ApplicationContext log
INFO: ContextListener: contextInitialized()
ñ³÷. 25, 2017 7:35:00 PM org.apache.catalina.core.ApplicationContext log
INFO: SessionListener: contextInitialized()
ñ³÷. 25, 2017 7:35:00 PM org.apache.catalina.core.ApplicationContext log
INFO: ContextListener: attributeAdded('org.apache.jasper.compiler.TldLocationsCache', 'org.apache.jasper.compiler.TldLocationsCache@da58334')
ñ³÷. 25, 2017 7:39:20 PM org.apache.catalina.core.ApplicationContext log
INFO: SessionListener: contextDestroyed()
ñ³÷. 25, 2017 7:39:20 PM org.apache.catalina.core.ApplicationContext log
INFO: ContextListener: contextDestroyed()
ñ³÷. 25, 2017 7:42:20 PM org.apache.catalina.core.ApplicationContext log
INFO: ContextListener: contextInitialized()
ñ³÷. 25, 2017 7:42:20 PM org.apache.catalina.core.ApplicationContext log
INFO: SessionListener: contextInitialized()
ñ³÷. 25, 2017 7:42:20 PM org.apache.catalina.core.ApplicationContext log
INFO: ContextListener: attributeAdded('org.apache.jasper.compiler.TldLocationsCache', 'org.apache.jasper.compiler.TldLocationsCache@da58334')
ñ³÷. 25, 2017 7:42:53 PM org.apache.catalina.core.ApplicationContext log
INFO: SessionListener: contextDestroyed()
ñ³÷. 25, 2017 7:42:53 PM org.apache.catalina.core.ApplicationContext log
INFO: ContextListener: contextDestroyed()
ñ³÷. 25, 2017 7:43:13 PM org.apache.catalina.core.ApplicationContext log
INFO: ContextListener: contextInitialized()
ñ³÷. 25, 2017 7:43:13 PM org.apache.catalina.core.ApplicationContext log
INFO: SessionListener: contextInitialized()
ñ³÷. 25, 2017 7:43:13 PM org.apache.catalina.core.ApplicationContext log
INFO: ContextListener: attributeAdded('org.apache.jasper.compiler.TldLocationsCache', 'org.apache.jasper.compiler.TldLocationsCache@33e5f3b1')
ñ³÷. 25, 2017 7:46:10 PM org.apache.catalina.core.ApplicationContext log
INFO: SessionListener: contextDestroyed()
ñ³÷. 25, 2017 7:46:10 PM org.apache.catalina.core.ApplicationContext log
INFO: ContextListener: contextDestroyed()
ñ³÷. 25, 2017 7:46:27 PM org.apache.catalina.core.ApplicationContext log
INFO: ContextListener: contextInitialized()
ñ³÷. 25, 2017 7:46:27 PM org.apache.catalina.core.ApplicationContext log
INFO: SessionListener: contextInitialized()
ñ³÷. 25, 2017 7:46:27 PM org.apache.catalina.core.ApplicationContext log
INFO: ContextListener: attributeAdded('org.apache.jasper.compiler.TldLocationsCache', 'org.apache.jasper.compiler.TldLocationsCache@da58334')
ñ³÷. 25, 2017 7:52:25 PM org.apache.catalina.core.ApplicationContext log
INFO: SessionListener: contextDestroyed()
ñ³÷. 25, 2017 7:52:25 PM org.apache.catalina.core.ApplicationContext log
INFO: ContextListener: contextDestroyed()
ñ³÷. 25, 2017 7:52:53 PM org.apache.catalina.core.ApplicationContext log
INFO: ContextListener: contextInitialized()
ñ³÷. 25, 2017 7:52:53 PM org.apache.catalina.core.ApplicationContext log
INFO: SessionListener: contextInitialized()
ñ³÷. 25, 2017 7:52:53 PM org.apache.catalina.core.ApplicationContext log
INFO: ContextListener: attributeAdded('org.apache.jasper.compiler.TldLocationsCache', 'org.apache.jasper.compiler.TldLocationsCache@da58334')
ñ³÷. 25, 2017 8:05:04 PM org.apache.catalina.core.ApplicationContext log
INFO: SessionListener: contextDestroyed()
ñ³÷. 25, 2017 8:05:04 PM org.apache.catalina.core.ApplicationContext log
INFO: ContextListener: contextDestroyed()
ñ³÷. 25, 2017 8:30:20 PM org.apache.catalina.core.ApplicationContext log
INFO: ContextListener: contextInitialized()
ñ³÷. 25, 2017 8:30:20 PM org.apache.catalina.core.ApplicationContext log
INFO: SessionListener: contextInitialized()
ñ³÷. 25, 2017 8:30:20 PM org.apache.catalina.core.ApplicationContext log
INFO: ContextListener: attributeAdded('org.apache.jasper.compiler.TldLocationsCache', 'org.apache.jasper.compiler.TldLocationsCache@6394df83')
ñ³÷. 25, 2017 8:30:25 PM org.apache.catalina.core.ApplicationContext log
INFO: SessionListener: contextDestroyed()
ñ³÷. 25, 2017 8:30:25 PM org.apache.catalina.core.ApplicationContext log
INFO: ContextListener: contextDestroyed()
ñ³÷. 25, 2017 8:30:38 PM org.apache.catalina.core.ApplicationContext log
INFO: ContextListener: contextInitialized()
ñ³÷. 25, 2017 8:30:38 PM org.apache.catalina.core.ApplicationContext log
INFO: SessionListener: contextInitialized()
ñ³÷. 25, 2017 8:30:38 PM org.apache.catalina.core.ApplicationContext log
INFO: ContextListener: attributeAdded('org.apache.jasper.compiler.TldLocationsCache', 'org.apache.jasper.compiler.TldLocationsCache@da58334')
ñ³÷. 25, 2017 8:32:22 PM org.apache.catalina.core.ApplicationContext log
INFO: SessionListener: contextDestroyed()
ñ³÷. 25, 2017 8:32:22 PM org.apache.catalina.core.ApplicationContext log
INFO: ContextListener: contextDestroyed()
ñ³÷. 25, 2017 8:32:34 PM org.apache.catalina.core.ApplicationContext log
INFO: ContextListener: contextInitialized()
ñ³÷. 25, 2017 8:32:34 PM org.apache.catalina.core.ApplicationContext log
INFO: SessionListener: contextInitialized()
ñ³÷. 25, 2017 8:32:34 PM org.apache.catalina.core.ApplicationContext log
INFO: ContextListener: attributeAdded('org.apache.jasper.compiler.TldLocationsCache', 'org.apache.jasper.compiler.TldLocationsCache@6394df83')
ñ³÷. 25, 2017 8:46:29 PM org.apache.catalina.core.ApplicationContext log
INFO: SessionListener: contextDestroyed()
ñ³÷. 25, 2017 8:46:29 PM org.apache.catalina.core.ApplicationContext log
INFO: ContextListener: contextDestroyed()
ñ³÷. 25, 2017 8:46:45 PM org.apache.catalina.core.ApplicationContext log
INFO: ContextListener: contextInitialized()
ñ³÷. 25, 2017 8:46:45 PM org.apache.catalina.core.ApplicationContext log
INFO: SessionListener: contextInitialized()
ñ³÷. 25, 2017 8:46:45 PM org.apache.catalina.core.ApplicationContext log
INFO: ContextListener: attributeAdded('org.apache.jasper.compiler.TldLocationsCache', 'org.apache.jasper.compiler.TldLocationsCache@6394df83')
ñ³÷. 25, 2017 8:47:09 PM org.apache.catalina.core.ApplicationContext log
INFO: SessionListener: contextDestroyed()
ñ³÷. 25, 2017 8:47:09 PM org.apache.catalina.core.ApplicationContext log
INFO: ContextListener: contextDestroyed()
ñ³÷. 25, 2017 8:47:22 PM org.apache.catalina.core.ApplicationContext log
INFO: ContextListener: contextInitialized()
ñ³÷. 25, 2017 8:47:22 PM org.apache.catalina.core.ApplicationContext log
INFO: SessionListener: contextInitialized()
ñ³÷. 25, 2017 8:47:22 PM org.apache.catalina.core.ApplicationContext log
INFO: ContextListener: attributeAdded('org.apache.jasper.compiler.TldLocationsCache', 'org.apache.jasper.compiler.TldLocationsCache@3f716e44')
ñ³÷. 25, 2017 9:20:10 PM org.apache.catalina.core.ApplicationContext log
INFO: SessionListener: contextDestroyed()
ñ³÷. 25, 2017 9:20:10 PM org.apache.catalina.core.ApplicationContext log
INFO: ContextListener: contextDestroyed()
ñ³÷. 25, 2017 9:20:22 PM org.apache.catalina.core.ApplicationContext log
INFO: ContextListener: contextInitialized()
ñ³÷. 25, 2017 9:20:22 PM org.apache.catalina.core.ApplicationContext log
INFO: SessionListener: contextInitialized()
ñ³÷. 25, 2017 9:20:22 PM org.apache.catalina.core.ApplicationContext log
INFO: ContextListener: attributeAdded('org.apache.jasper.compiler.TldLocationsCache', 'org.apache.jasper.compiler.TldLocationsCache@2577a98b')
ñ³÷. 25, 2017 9:23:43 PM org.apache.catalina.core.ApplicationContext log
INFO: SessionListener: contextDestroyed()
ñ³÷. 25, 2017 9:23:43 PM org.apache.catalina.core.ApplicationContext log
INFO: ContextListener: contextDestroyed()
ñ³÷. 25, 2017 9:23:53 PM org.apache.catalina.core.ApplicationContext log
INFO: ContextListener: contextInitialized()
ñ³÷. 25, 2017 9:23:53 PM org.apache.catalina.core.ApplicationContext log
INFO: SessionListener: contextInitialized()
ñ³÷. 25, 2017 9:23:53 PM org.apache.catalina.core.ApplicationContext log
INFO: ContextListener: attributeAdded('org.apache.jasper.compiler.TldLocationsCache', 'org.apache.jasper.compiler.TldLocationsCache@5caa8c45')
ñ³÷. 25, 2017 9:24:38 PM org.apache.catalina.core.ApplicationContext log
INFO: SessionListener: contextDestroyed()
ñ³÷. 25, 2017 9:24:38 PM org.apache.catalina.core.ApplicationContext log
INFO: ContextListener: contextDestroyed()
ñ³÷. 25, 2017 9:27:05 PM org.apache.catalina.core.ApplicationContext log
INFO: ContextListener: contextInitialized()
ñ³÷. 25, 2017 9:27:05 PM org.apache.catalina.core.ApplicationContext log
INFO: SessionListener: contextInitialized()
ñ³÷. 25, 2017 9:27:05 PM org.apache.catalina.core.ApplicationContext log
INFO: ContextListener: attributeAdded('org.apache.jasper.compiler.TldLocationsCache', 'org.apache.jasper.compiler.TldLocationsCache@da58334')
ñ³÷. 25, 2017 9:30:04 PM org.apache.catalina.core.ApplicationContext log
INFO: SessionListener: contextDestroyed()
ñ³÷. 25, 2017 9:30:04 PM org.apache.catalina.core.ApplicationContext log
INFO: ContextListener: contextDestroyed()
ñ³÷. 25, 2017 9:30:14 PM org.apache.catalina.core.ApplicationContext log
INFO: ContextListener: contextInitialized()
ñ³÷. 25, 2017 9:30:14 PM org.apache.catalina.core.ApplicationContext log
INFO: SessionListener: contextInitialized()
ñ³÷. 25, 2017 9:30:14 PM org.apache.catalina.core.ApplicationContext log
INFO: ContextListener: attributeAdded('org.apache.jasper.compiler.TldLocationsCache', 'org.apache.jasper.compiler.TldLocationsCache@33e5f3b1')
ñ³÷. 25, 2017 9:31:03 PM org.apache.catalina.core.ApplicationContext log
INFO: SessionListener: contextDestroyed()
ñ³÷. 25, 2017 9:31:03 PM org.apache.catalina.core.ApplicationContext log
INFO: ContextListener: contextDestroyed()
ñ³÷. 25, 2017 9:31:12 PM org.apache.catalina.core.ApplicationContext log
INFO: ContextListener: contextInitialized()
ñ³÷. 25, 2017 9:31:12 PM org.apache.catalina.core.ApplicationContext log
INFO: SessionListener: contextInitialized()
ñ³÷. 25, 2017 9:31:12 PM org.apache.catalina.core.ApplicationContext log
INFO: ContextListener: attributeAdded('org.apache.jasper.compiler.TldLocationsCache', 'org.apache.jasper.compiler.TldLocationsCache@6394df83')
ñ³÷. 25, 2017 9:31:38 PM org.apache.catalina.core.ApplicationContext log
INFO: SessionListener: contextDestroyed()
ñ³÷. 25, 2017 9:31:38 PM org.apache.catalina.core.ApplicationContext log
INFO: ContextListener: contextDestroyed()
ñ³÷. 25, 2017 9:50:50 PM org.apache.catalina.core.ApplicationContext log
INFO: ContextListener: contextInitialized()
ñ³÷. 25, 2017 9:50:50 PM org.apache.catalina.core.ApplicationContext log
INFO: SessionListener: contextInitialized()
ñ³÷. 25, 2017 9:50:50 PM org.apache.catalina.core.ApplicationContext log
INFO: ContextListener: attributeAdded('org.apache.jasper.compiler.TldLocationsCache', 'org.apache.jasper.compiler.TldLocationsCache@6394df83')
ñ³÷. 25, 2017 9:51:38 PM org.apache.catalina.core.ApplicationContext log
INFO: SessionListener: contextDestroyed()
ñ³÷. 25, 2017 9:51:38 PM org.apache.catalina.core.ApplicationContext log
INFO: ContextListener: contextDestroyed()
ñ³÷. 25, 2017 9:52:42 PM org.apache.catalina.core.ApplicationContext log
INFO: ContextListener: contextInitialized()
ñ³÷. 25, 2017 9:52:42 PM org.apache.catalina.core.ApplicationContext log
INFO: SessionListener: contextInitialized()
ñ³÷. 25, 2017 9:52:42 PM org.apache.catalina.core.ApplicationContext log
INFO: ContextListener: attributeAdded('org.apache.jasper.compiler.TldLocationsCache', 'org.apache.jasper.compiler.TldLocationsCache@6394df83')
ñ³÷. 25, 2017 9:54:01 PM org.apache.catalina.core.ApplicationContext log
INFO: SessionListener: contextDestroyed()
ñ³÷. 25, 2017 9:54:01 PM org.apache.catalina.core.ApplicationContext log
INFO: ContextListener: contextDestroyed()
ñ³÷. 25, 2017 9:54:58 PM org.apache.catalina.core.ApplicationContext log
INFO: ContextListener: contextInitialized()
ñ³÷. 25, 2017 9:54:58 PM org.apache.catalina.core.ApplicationContext log
INFO: SessionListener: contextInitialized()
ñ³÷. 25, 2017 9:54:58 PM org.apache.catalina.core.ApplicationContext log
INFO: ContextListener: attributeAdded('org.apache.jasper.compiler.TldLocationsCache', 'org.apache.jasper.compiler.TldLocationsCache@da58334')
ñ³÷. 25, 2017 9:55:16 PM org.apache.catalina.core.ApplicationContext log
INFO: SessionListener: contextDestroyed()
ñ³÷. 25, 2017 9:55:16 PM org.apache.catalina.core.ApplicationContext log
INFO: ContextListener: contextDestroyed()
ñ³÷. 25, 2017 9:59:57 PM org.apache.catalina.core.ApplicationContext log
INFO: ContextListener: contextInitialized()
ñ³÷. 25, 2017 9:59:57 PM org.apache.catalina.core.ApplicationContext log
INFO: SessionListener: contextInitialized()
ñ³÷. 25, 2017 9:59:57 PM org.apache.catalina.core.ApplicationContext log
INFO: ContextListener: attributeAdded('org.apache.jasper.compiler.TldLocationsCache', 'org.apache.jasper.compiler.TldLocationsCache@2577a98b')
ñ³÷. 25, 2017 10:03:19 PM org.apache.catalina.core.ApplicationContext log
INFO: SessionListener: contextDestroyed()
ñ³÷. 25, 2017 10:03:19 PM org.apache.catalina.core.ApplicationContext log
INFO: ContextListener: contextDestroyed()
ñ³÷. 25, 2017 10:03:28 PM org.apache.catalina.core.ApplicationContext log
INFO: ContextListener: contextInitialized()
ñ³÷. 25, 2017 10:03:28 PM org.apache.catalina.core.ApplicationContext log
INFO: SessionListener: contextInitialized()
ñ³÷. 25, 2017 10:03:28 PM org.apache.catalina.core.ApplicationContext log
INFO: ContextListener: attributeAdded('org.apache.jasper.compiler.TldLocationsCache', 'org.apache.jasper.compiler.TldLocationsCache@da58334')
ñ³÷. 25, 2017 10:13:40 PM org.apache.catalina.core.ApplicationContext log
INFO: SessionListener: contextDestroyed()
ñ³÷. 25, 2017 10:13:40 PM org.apache.catalina.core.ApplicationContext log
INFO: ContextListener: contextDestroyed()
ñ³÷. 25, 2017 10:46:20 PM org.apache.catalina.core.ApplicationContext log
INFO: ContextListener: contextInitialized()
ñ³÷. 25, 2017 10:46:20 PM org.apache.catalina.core.ApplicationContext log
INFO: SessionListener: contextInitialized()
ñ³÷. 25, 2017 10:46:20 PM org.apache.catalina.core.ApplicationContext log
INFO: ContextListener: attributeAdded('org.apache.jasper.compiler.TldLocationsCache', 'org.apache.jasper.compiler.TldLocationsCache@6394df83')
ñ³÷. 25, 2017 10:46:49 PM org.apache.catalina.core.ApplicationContext log
INFO: SessionListener: contextDestroyed()
ñ³÷. 25, 2017 10:46:49 PM org.apache.catalina.core.ApplicationContext log
INFO: ContextListener: contextDestroyed()
ñ³÷. 25, 2017 10:47:19 PM org.apache.catalina.core.ApplicationContext log
INFO: ContextListener: contextInitialized()
ñ³÷. 25, 2017 10:47:19 PM org.apache.catalina.core.ApplicationContext log
INFO: SessionListener: contextInitialized()
ñ³÷. 25, 2017 10:47:19 PM org.apache.catalina.core.ApplicationContext log
INFO: ContextListener: attributeAdded('org.apache.jasper.compiler.TldLocationsCache', 'org.apache.jasper.compiler.TldLocationsCache@5caa8c45')
ñ³÷. 25, 2017 10:48:01 PM org.apache.catalina.core.ApplicationContext log
INFO: ContextListener: contextInitialized()
ñ³÷. 25, 2017 10:48:01 PM org.apache.catalina.core.ApplicationContext log
INFO: SessionListener: contextInitialized()
ñ³÷. 25, 2017 10:48:01 PM org.apache.catalina.core.ApplicationContext log
INFO: ContextListener: attributeAdded('org.apache.jasper.compiler.TldLocationsCache', 'org.apache.jasper.compiler.TldLocationsCache@14c54f84')
ñ³÷. 25, 2017 10:48:02 PM org.apache.catalina.core.ApplicationContext log
INFO: SessionListener: contextDestroyed()
ñ³÷. 25, 2017 10:48:02 PM org.apache.catalina.core.ApplicationContext log
INFO: ContextListener: contextDestroyed()
ñ³÷. 25, 2017 10:48:05 PM org.apache.catalina.core.ApplicationContext log
INFO: SessionListener: contextDestroyed()
ñ³÷. 25, 2017 10:48:05 PM org.apache.catalina.core.ApplicationContext log
INFO: ContextListener: contextDestroyed()
ñ³÷. 25, 2017 10:48:16 PM org.apache.catalina.core.ApplicationContext log
INFO: ContextListener: contextInitialized()
ñ³÷. 25, 2017 10:48:16 PM org.apache.catalina.core.ApplicationContext log
INFO: SessionListener: contextInitialized()
ñ³÷. 25, 2017 10:48:16 PM org.apache.catalina.core.ApplicationContext log
INFO: ContextListener: attributeAdded('org.apache.jasper.compiler.TldLocationsCache', 'org.apache.jasper.compiler.TldLocationsCache@6394df83')
ñ³÷. 25, 2017 10:50:49 PM org.apache.catalina.core.ApplicationContext log
INFO: SessionListener: contextDestroyed()
ñ³÷. 25, 2017 10:50:49 PM org.apache.catalina.core.ApplicationContext log
INFO: ContextListener: contextDestroyed()
ñ³÷. 25, 2017 11:06:20 PM org.apache.catalina.core.ApplicationContext log
INFO: ContextListener: contextInitialized()
ñ³÷. 25, 2017 11:06:20 PM org.apache.catalina.core.ApplicationContext log
INFO: SessionListener: contextInitialized()
ñ³÷. 25, 2017 11:06:20 PM org.apache.catalina.core.ApplicationContext log
INFO: ContextListener: attributeAdded('org.apache.jasper.compiler.TldLocationsCache', 'org.apache.jasper.compiler.TldLocationsCache@33e5f3b1')
ñ³÷. 25, 2017 11:06:27 PM org.apache.catalina.core.StandardWrapperValve invoke
SEVERE: Servlet.service() for servlet [WsChatServlet] in context with path [] threw exception
java.net.MalformedURLException: no protocol: //localhost:8080
	at java.net.URL.<init>(Unknown Source)
	at java.net.URL.<init>(Unknown Source)
	at java.net.URL.<init>(Unknown Source)
	at ChatServlet.doGet(ChatServlet.java:48)
	at javax.servlet.http.HttpServlet.service(HttpServlet.java:624)
	at javax.servlet.http.HttpServlet.service(HttpServlet.java:731)
	at org.apache.catalina.core.ApplicationFilterChain.internalDoFilter(ApplicationFilterChain.java:303)
	at org.apache.catalina.core.ApplicationFilterChain.doFilter(ApplicationFilterChain.java:208)
	at org.apache.tomcat.websocket.server.WsFilter.doFilter(WsFilter.java:52)
	at org.apache.catalina.core.ApplicationFilterChain.internalDoFilter(ApplicationFilterChain.java:241)
	at org.apache.catalina.core.ApplicationFilterChain.doFilter(ApplicationFilterChain.java:208)
	at org.apache.catalina.core.StandardWrapperValve.invoke(StandardWrapperValve.java:218)
	at org.apache.catalina.core.StandardContextValve.invoke(StandardContextValve.java:110)
	at org.apache.catalina.core.StandardHostValve.invoke(StandardHostValve.java:169)
	at org.apache.catalina.valves.ErrorReportValve.invoke(ErrorReportValve.java:103)
	at org.apache.catalina.valves.AccessLogValve.invoke(AccessLogValve.java:962)
	at org.apache.catalina.core.StandardEngineValve.invoke(StandardEngineValve.java:116)
	at org.apache.catalina.connector.CoyoteAdapter.service(CoyoteAdapter.java:452)
	at org.apache.coyote.http11.AbstractHttp11Processor.process(AbstractHttp11Processor.java:1087)
	at org.apache.coyote.AbstractProtocol$AbstractConnectionHandler.process(AbstractProtocol.java:637)
	at org.apache.tomcat.util.net.JIoEndpoint$SocketProcessor.run(JIoEndpoint.java:316)
	at java.util.concurrent.ThreadPoolExecutor.runWorker(Unknown Source)
	at java.util.concurrent.ThreadPoolExecutor$Worker.run(Unknown Source)
	at org.apache.tomcat.util.threads.TaskThread$WrappingRunnable.run(TaskThread.java:61)
	at java.lang.Thread.run(Unknown Source)

ñ³÷. 25, 2017 11:06:33 PM org.apache.catalina.core.StandardWrapperValve invoke
SEVERE: Servlet.service() for servlet [WsChatServlet] in context with path [] threw exception
java.net.MalformedURLException: no protocol: //localhost:8080
	at java.net.URL.<init>(Unknown Source)
	at java.net.URL.<init>(Unknown Source)
	at java.net.URL.<init>(Unknown Source)
	at ChatServlet.doGet(ChatServlet.java:48)
	at javax.servlet.http.HttpServlet.service(HttpServlet.java:624)
	at javax.servlet.http.HttpServlet.service(HttpServlet.java:731)
	at org.apache.catalina.core.ApplicationFilterChain.internalDoFilter(ApplicationFilterChain.java:303)
	at org.apache.catalina.core.ApplicationFilterChain.doFilter(ApplicationFilterChain.java:208)
	at org.apache.tomcat.websocket.server.WsFilter.doFilter(WsFilter.java:52)
	at org.apache.catalina.core.ApplicationFilterChain.internalDoFilter(ApplicationFilterChain.java:241)
	at org.apache.catalina.core.ApplicationFilterChain.doFilter(ApplicationFilterChain.java:208)
	at org.apache.catalina.core.StandardWrapperValve.invoke(StandardWrapperValve.java:218)
	at org.apache.catalina.core.StandardContextValve.invoke(StandardContextValve.java:110)
	at org.apache.catalina.core.StandardHostValve.invoke(StandardHostValve.java:169)
	at org.apache.catalina.valves.ErrorReportValve.invoke(ErrorReportValve.java:103)
	at org.apache.catalina.valves.AccessLogValve.invoke(AccessLogValve.java:962)
	at org.apache.catalina.core.StandardEngineValve.invoke(StandardEngineValve.java:116)
	at org.apache.catalina.connector.CoyoteAdapter.service(CoyoteAdapter.java:452)
	at org.apache.coyote.http11.AbstractHttp11Processor.process(AbstractHttp11Processor.java:1087)
	at org.apache.coyote.AbstractProtocol$AbstractConnectionHandler.process(AbstractProtocol.java:637)
	at org.apache.tomcat.util.net.JIoEndpoint$SocketProcessor.run(JIoEndpoint.java:316)
	at java.util.concurrent.ThreadPoolExecutor.runWorker(Unknown Source)
	at java.util.concurrent.ThreadPoolExecutor$Worker.run(Unknown Source)
	at org.apache.tomcat.util.threads.TaskThread$WrappingRunnable.run(TaskThread.java:61)
	at java.lang.Thread.run(Unknown Source)

ñ³÷. 25, 2017 11:14:57 PM org.apache.catalina.core.ApplicationContext log
INFO: SessionListener: contextDestroyed()
ñ³÷. 25, 2017 11:14:57 PM org.apache.catalina.core.ApplicationContext log
INFO: ContextListener: contextDestroyed()
ñ³÷. 25, 2017 11:34:21 PM org.apache.catalina.core.ApplicationContext log
INFO: ContextListener: contextInitialized()
ñ³÷. 25, 2017 11:34:21 PM org.apache.catalina.core.ApplicationContext log
INFO: SessionListener: contextInitialized()
ñ³÷. 25, 2017 11:34:21 PM org.apache.catalina.core.ApplicationContext log
INFO: ContextListener: attributeAdded('org.apache.jasper.compiler.TldLocationsCache', 'org.apache.jasper.compiler.TldLocationsCache@3f716e44')
ñ³÷. 25, 2017 11:37:26 PM org.apache.catalina.core.ApplicationContext log
INFO: SessionListener: contextDestroyed()
ñ³÷. 25, 2017 11:37:26 PM org.apache.catalina.core.ApplicationContext log
INFO: ContextListener: contextDestroyed()
ñ³÷. 25, 2017 11:37:37 PM org.apache.catalina.core.ApplicationContext log
INFO: ContextListener: contextInitialized()
ñ³÷. 25, 2017 11:37:37 PM org.apache.catalina.core.ApplicationContext log
INFO: SessionListener: contextInitialized()
ñ³÷. 25, 2017 11:37:37 PM org.apache.catalina.core.ApplicationContext log
INFO: ContextListener: attributeAdded('org.apache.jasper.compiler.TldLocationsCache', 'org.apache.jasper.compiler.TldLocationsCache@da58334')
ñ³÷. 25, 2017 11:46:00 PM org.apache.catalina.core.ApplicationContext log
INFO: SessionListener: contextDestroyed()
ñ³÷. 25, 2017 11:46:00 PM org.apache.catalina.core.ApplicationContext log
INFO: ContextListener: contextDestroyed()
ñ³÷. 25, 2017 11:46:12 PM org.apache.catalina.core.ApplicationContext log
INFO: ContextListener: contextInitialized()
ñ³÷. 25, 2017 11:46:12 PM org.apache.catalina.core.ApplicationContext log
INFO: SessionListener: contextInitialized()
ñ³÷. 25, 2017 11:46:12 PM org.apache.catalina.core.ApplicationContext log
INFO: ContextListener: attributeAdded('org.apache.jasper.compiler.TldLocationsCache', 'org.apache.jasper.compiler.TldLocationsCache@2577a98b')
ñ³÷. 25, 2017 11:47:09 PM org.apache.catalina.core.ApplicationContext log
INFO: SessionListener: contextDestroyed()
ñ³÷. 25, 2017 11:47:09 PM org.apache.catalina.core.ApplicationContext log
INFO: ContextListener: contextDestroyed()
ñ³÷. 25, 2017 11:47:18 PM org.apache.catalina.core.ApplicationContext log
INFO: ContextListener: contextInitialized()
ñ³÷. 25, 2017 11:47:18 PM org.apache.catalina.core.ApplicationContext log
INFO: SessionListener: contextInitialized()
ñ³÷. 25, 2017 11:47:18 PM org.apache.catalina.core.ApplicationContext log
INFO: ContextListener: attributeAdded('org.apache.jasper.compiler.TldLocationsCache', 'org.apache.jasper.compiler.TldLocationsCache@3f716e44')
