ñ³÷. 26, 2017 1:13:22 AM org.apache.catalina.core.ApplicationContext log
INFO: SessionListener: contextDestroyed()
ñ³÷. 26, 2017 1:13:22 AM org.apache.catalina.core.ApplicationContext log
INFO: ContextListener: contextDestroyed()
ñ³÷. 26, 2017 1:13:33 AM org.apache.catalina.core.ApplicationContext log
INFO: ContextListener: contextInitialized()
ñ³÷. 26, 2017 1:13:33 AM org.apache.catalina.core.ApplicationContext log
INFO: SessionListener: contextInitialized()
ñ³÷. 26, 2017 1:13:33 AM org.apache.catalina.core.ApplicationContext log
INFO: ContextListener: attributeAdded('org.apache.jasper.compiler.TldLocationsCache', 'org.apache.jasper.compiler.TldLocationsCache@da58334')
ñ³÷. 26, 2017 1:14:59 AM org.apache.catalina.core.ApplicationContext log
INFO: SessionListener: contextDestroyed()
ñ³÷. 26, 2017 1:14:59 AM org.apache.catalina.core.ApplicationContext log
INFO: ContextListener: contextDestroyed()
ñ³÷. 26, 2017 1:15:10 AM org.apache.catalina.core.ApplicationContext log
INFO: ContextListener: contextInitialized()
ñ³÷. 26, 2017 1:15:10 AM org.apache.catalina.core.ApplicationContext log
INFO: SessionListener: contextInitialized()
ñ³÷. 26, 2017 1:15:10 AM org.apache.catalina.core.ApplicationContext log
INFO: ContextListener: attributeAdded('org.apache.jasper.compiler.TldLocationsCache', 'org.apache.jasper.compiler.TldLocationsCache@5caa8c45')
ñ³÷. 26, 2017 1:22:25 AM org.apache.catalina.core.ApplicationContext log
INFO: SessionListener: contextDestroyed()
ñ³÷. 26, 2017 1:22:25 AM org.apache.catalina.core.ApplicationContext log
INFO: ContextListener: contextDestroyed()
ñ³÷. 26, 2017 1:22:35 AM org.apache.catalina.core.ApplicationContext log
INFO: ContextListener: contextInitialized()
ñ³÷. 26, 2017 1:22:35 AM org.apache.catalina.core.ApplicationContext log
INFO: SessionListener: contextInitialized()
ñ³÷. 26, 2017 1:22:35 AM org.apache.catalina.core.ApplicationContext log
INFO: ContextListener: attributeAdded('org.apache.jasper.compiler.TldLocationsCache', 'org.apache.jasper.compiler.TldLocationsCache@6394df83')
ñ³÷. 26, 2017 1:22:44 AM org.apache.catalina.core.ApplicationContext log
INFO: SessionListener: contextDestroyed()
ñ³÷. 26, 2017 1:22:44 AM org.apache.catalina.core.ApplicationContext log
INFO: ContextListener: contextDestroyed()
ñ³÷. 26, 2017 1:22:54 AM org.apache.catalina.core.ApplicationContext log
INFO: ContextListener: contextInitialized()
ñ³÷. 26, 2017 1:22:54 AM org.apache.catalina.core.ApplicationContext log
INFO: SessionListener: contextInitialized()
ñ³÷. 26, 2017 1:22:54 AM org.apache.catalina.core.ApplicationContext log
INFO: ContextListener: attributeAdded('org.apache.jasper.compiler.TldLocationsCache', 'org.apache.jasper.compiler.TldLocationsCache@6394df83')
ñ³÷. 26, 2017 1:25:12 AM org.apache.catalina.core.ApplicationContext log
INFO: SessionListener: contextDestroyed()
ñ³÷. 26, 2017 1:25:12 AM org.apache.catalina.core.ApplicationContext log
INFO: ContextListener: contextDestroyed()
ñ³÷. 26, 2017 1:25:56 AM org.apache.catalina.core.ApplicationContext log
INFO: ContextListener: contextInitialized()
ñ³÷. 26, 2017 1:25:56 AM org.apache.catalina.core.ApplicationContext log
INFO: SessionListener: contextInitialized()
ñ³÷. 26, 2017 1:25:56 AM org.apache.catalina.core.ApplicationContext log
INFO: ContextListener: attributeAdded('org.apache.jasper.compiler.TldLocationsCache', 'org.apache.jasper.compiler.TldLocationsCache@6394df83')
ñ³÷. 26, 2017 1:26:36 AM org.apache.catalina.core.ApplicationContext log
INFO: SessionListener: contextDestroyed()
ñ³÷. 26, 2017 1:26:36 AM org.apache.catalina.core.ApplicationContext log
INFO: ContextListener: contextDestroyed()
ñ³÷. 26, 2017 1:27:17 AM org.apache.catalina.core.ApplicationContext log
INFO: ContextListener: contextInitialized()
ñ³÷. 26, 2017 1:27:17 AM org.apache.catalina.core.ApplicationContext log
INFO: SessionListener: contextInitialized()
ñ³÷. 26, 2017 1:27:17 AM org.apache.catalina.core.ApplicationContext log
INFO: ContextListener: attributeAdded('org.apache.jasper.compiler.TldLocationsCache', 'org.apache.jasper.compiler.TldLocationsCache@da58334')
ñ³÷. 26, 2017 1:28:24 AM org.apache.catalina.core.ApplicationContext log
INFO: SessionListener: contextDestroyed()
ñ³÷. 26, 2017 1:28:24 AM org.apache.catalina.core.ApplicationContext log
INFO: ContextListener: contextDestroyed()
ñ³÷. 26, 2017 1:28:34 AM org.apache.catalina.core.ApplicationContext log
INFO: ContextListener: contextInitialized()
ñ³÷. 26, 2017 1:28:34 AM org.apache.catalina.core.ApplicationContext log
INFO: SessionListener: contextInitialized()
ñ³÷. 26, 2017 1:28:34 AM org.apache.catalina.core.ApplicationContext log
INFO: ContextListener: attributeAdded('org.apache.jasper.compiler.TldLocationsCache', 'org.apache.jasper.compiler.TldLocationsCache@6394df83')
ñ³÷. 26, 2017 1:29:29 AM org.apache.catalina.core.ApplicationContext log
INFO: SessionListener: contextDestroyed()
ñ³÷. 26, 2017 1:29:29 AM org.apache.catalina.core.ApplicationContext log
INFO: ContextListener: contextDestroyed()
ñ³÷. 26, 2017 1:29:39 AM org.apache.catalina.core.ApplicationContext log
INFO: ContextListener: contextInitialized()
ñ³÷. 26, 2017 1:29:39 AM org.apache.catalina.core.ApplicationContext log
INFO: SessionListener: contextInitialized()
ñ³÷. 26, 2017 1:29:39 AM org.apache.catalina.core.ApplicationContext log
INFO: ContextListener: attributeAdded('org.apache.jasper.compiler.TldLocationsCache', 'org.apache.jasper.compiler.TldLocationsCache@33ca2189')
ñ³÷. 26, 2017 1:32:23 AM org.apache.catalina.core.ApplicationContext log
INFO: SessionListener: contextDestroyed()
ñ³÷. 26, 2017 1:32:23 AM org.apache.catalina.core.ApplicationContext log
INFO: ContextListener: contextDestroyed()
ñ³÷. 26, 2017 1:32:33 AM org.apache.catalina.core.ApplicationContext log
INFO: ContextListener: contextInitialized()
ñ³÷. 26, 2017 1:32:33 AM org.apache.catalina.core.ApplicationContext log
INFO: SessionListener: contextInitialized()
ñ³÷. 26, 2017 1:32:33 AM org.apache.catalina.core.ApplicationContext log
INFO: ContextListener: attributeAdded('org.apache.jasper.compiler.TldLocationsCache', 'org.apache.jasper.compiler.TldLocationsCache@da58334')
ñ³÷. 26, 2017 1:35:30 AM org.apache.catalina.core.ApplicationContext log
INFO: SessionListener: contextDestroyed()
ñ³÷. 26, 2017 1:35:30 AM org.apache.catalina.core.ApplicationContext log
INFO: ContextListener: contextDestroyed()
ñ³÷. 26, 2017 1:35:41 AM org.apache.catalina.core.ApplicationContext log
INFO: ContextListener: contextInitialized()
ñ³÷. 26, 2017 1:35:41 AM org.apache.catalina.core.ApplicationContext log
INFO: SessionListener: contextInitialized()
ñ³÷. 26, 2017 1:35:41 AM org.apache.catalina.core.ApplicationContext log
INFO: ContextListener: attributeAdded('org.apache.jasper.compiler.TldLocationsCache', 'org.apache.jasper.compiler.TldLocationsCache@3f716e44')
ñ³÷. 26, 2017 1:40:57 AM org.apache.catalina.core.ApplicationContext log
INFO: SessionListener: contextDestroyed()
ñ³÷. 26, 2017 1:40:57 AM org.apache.catalina.core.ApplicationContext log
INFO: ContextListener: contextDestroyed()
ñ³÷. 26, 2017 1:41:07 AM org.apache.catalina.core.ApplicationContext log
INFO: ContextListener: contextInitialized()
ñ³÷. 26, 2017 1:41:07 AM org.apache.catalina.core.ApplicationContext log
INFO: SessionListener: contextInitialized()
ñ³÷. 26, 2017 1:41:07 AM org.apache.catalina.core.ApplicationContext log
INFO: ContextListener: attributeAdded('org.apache.jasper.compiler.TldLocationsCache', 'org.apache.jasper.compiler.TldLocationsCache@da58334')
ñ³÷. 26, 2017 1:48:20 AM org.apache.catalina.core.ApplicationContext log
INFO: SessionListener: contextDestroyed()
ñ³÷. 26, 2017 1:48:20 AM org.apache.catalina.core.ApplicationContext log
INFO: ContextListener: contextDestroyed()
ñ³÷. 26, 2017 1:48:31 AM org.apache.catalina.core.ApplicationContext log
INFO: ContextListener: contextInitialized()
ñ³÷. 26, 2017 1:48:31 AM org.apache.catalina.core.ApplicationContext log
INFO: SessionListener: contextInitialized()
ñ³÷. 26, 2017 1:48:31 AM org.apache.catalina.core.ApplicationContext log
INFO: ContextListener: attributeAdded('org.apache.jasper.compiler.TldLocationsCache', 'org.apache.jasper.compiler.TldLocationsCache@3f716e44')
ñ³÷. 26, 2017 1:54:01 AM org.apache.catalina.core.ApplicationContext log
INFO: SessionListener: contextDestroyed()
ñ³÷. 26, 2017 1:54:01 AM org.apache.catalina.core.ApplicationContext log
INFO: ContextListener: contextDestroyed()
ñ³÷. 26, 2017 1:54:12 AM org.apache.catalina.core.ApplicationContext log
INFO: ContextListener: contextInitialized()
ñ³÷. 26, 2017 1:54:12 AM org.apache.catalina.core.ApplicationContext log
INFO: SessionListener: contextInitialized()
ñ³÷. 26, 2017 1:54:12 AM org.apache.catalina.core.ApplicationContext log
INFO: ContextListener: attributeAdded('org.apache.jasper.compiler.TldLocationsCache', 'org.apache.jasper.compiler.TldLocationsCache@3f716e44')
ñ³÷. 26, 2017 1:55:43 AM org.apache.catalina.core.ApplicationContext log
INFO: SessionListener: contextDestroyed()
ñ³÷. 26, 2017 1:55:43 AM org.apache.catalina.core.ApplicationContext log
INFO: ContextListener: contextDestroyed()
ñ³÷. 26, 2017 1:55:53 AM org.apache.catalina.core.ApplicationContext log
INFO: ContextListener: contextInitialized()
ñ³÷. 26, 2017 1:55:53 AM org.apache.catalina.core.ApplicationContext log
INFO: SessionListener: contextInitialized()
ñ³÷. 26, 2017 1:55:53 AM org.apache.catalina.core.ApplicationContext log
INFO: ContextListener: attributeAdded('org.apache.jasper.compiler.TldLocationsCache', 'org.apache.jasper.compiler.TldLocationsCache@da58334')
ñ³÷. 26, 2017 1:58:11 AM org.apache.catalina.core.ApplicationContext log
INFO: SessionListener: contextDestroyed()
ñ³÷. 26, 2017 1:58:11 AM org.apache.catalina.core.ApplicationContext log
INFO: ContextListener: contextDestroyed()
ñ³÷. 26, 2017 1:58:21 AM org.apache.catalina.core.ApplicationContext log
INFO: ContextListener: contextInitialized()
ñ³÷. 26, 2017 1:58:21 AM org.apache.catalina.core.ApplicationContext log
INFO: SessionListener: contextInitialized()
ñ³÷. 26, 2017 1:58:21 AM org.apache.catalina.core.ApplicationContext log
INFO: ContextListener: attributeAdded('org.apache.jasper.compiler.TldLocationsCache', 'org.apache.jasper.compiler.TldLocationsCache@da58334')
ñ³÷. 26, 2017 2:01:54 AM org.apache.catalina.core.ApplicationContext log
INFO: SessionListener: contextDestroyed()
ñ³÷. 26, 2017 2:01:54 AM org.apache.catalina.core.ApplicationContext log
INFO: ContextListener: contextDestroyed()
ñ³÷. 26, 2017 2:02:17 AM org.apache.catalina.core.ApplicationContext log
INFO: ContextListener: contextInitialized()
ñ³÷. 26, 2017 2:02:17 AM org.apache.catalina.core.ApplicationContext log
INFO: SessionListener: contextInitialized()
ñ³÷. 26, 2017 2:02:17 AM org.apache.catalina.core.ApplicationContext log
INFO: ContextListener: attributeAdded('org.apache.jasper.compiler.TldLocationsCache', 'org.apache.jasper.compiler.TldLocationsCache@3f716e44')
ñ³÷. 26, 2017 2:05:03 AM org.apache.catalina.core.ApplicationContext log
INFO: SessionListener: contextDestroyed()
ñ³÷. 26, 2017 2:05:03 AM org.apache.catalina.core.ApplicationContext log
INFO: ContextListener: contextDestroyed()
ñ³÷. 26, 2017 2:05:14 AM org.apache.catalina.core.ApplicationContext log
INFO: ContextListener: contextInitialized()
ñ³÷. 26, 2017 2:05:14 AM org.apache.catalina.core.ApplicationContext log
INFO: SessionListener: contextInitialized()
ñ³÷. 26, 2017 2:05:14 AM org.apache.catalina.core.ApplicationContext log
INFO: ContextListener: attributeAdded('org.apache.jasper.compiler.TldLocationsCache', 'org.apache.jasper.compiler.TldLocationsCache@da58334')
ñ³÷. 26, 2017 2:07:40 AM org.apache.catalina.core.ApplicationContext log
INFO: SessionListener: contextDestroyed()
ñ³÷. 26, 2017 2:07:40 AM org.apache.catalina.core.ApplicationContext log
INFO: ContextListener: contextDestroyed()
ñ³÷. 26, 2017 2:07:51 AM org.apache.catalina.core.ApplicationContext log
INFO: ContextListener: contextInitialized()
ñ³÷. 26, 2017 2:07:51 AM org.apache.catalina.core.ApplicationContext log
INFO: SessionListener: contextInitialized()
ñ³÷. 26, 2017 2:07:51 AM org.apache.catalina.core.ApplicationContext log
INFO: ContextListener: attributeAdded('org.apache.jasper.compiler.TldLocationsCache', 'org.apache.jasper.compiler.TldLocationsCache@da58334')
ñ³÷. 26, 2017 2:08:19 AM org.apache.catalina.core.StandardWrapperValve invoke
SEVERE: Servlet.service() for servlet [WsChatServlet] in context with path [] threw exception
java.lang.IllegalStateException: Cannot call sendRedirect() after the response has been committed
	at org.apache.catalina.connector.ResponseFacade.sendRedirect(ResponseFacade.java:482)
	at ChatServlet.doGet(ChatServlet.java:83)
	at javax.servlet.http.HttpServlet.service(HttpServlet.java:624)
	at javax.servlet.http.HttpServlet.service(HttpServlet.java:731)
	at org.apache.catalina.core.ApplicationFilterChain.internalDoFilter(ApplicationFilterChain.java:303)
	at org.apache.catalina.core.ApplicationFilterChain.doFilter(ApplicationFilterChain.java:208)
	at org.apache.tomcat.websocket.server.WsFilter.doFilter(WsFilter.java:52)
	at org.apache.catalina.core.ApplicationFilterChain.internalDoFilter(ApplicationFilterChain.java:241)
	at org.apache.catalina.core.ApplicationFilterChain.doFilter(ApplicationFilterChain.java:208)
	at org.apache.catalina.core.StandardWrapperValve.invoke(StandardWrapperValve.java:218)
	at org.apache.catalina.core.StandardContextValve.invoke(StandardContextValve.java:110)
	at org.apache.catalina.core.StandardHostValve.invoke(StandardHostValve.java:169)
	at org.apache.catalina.valves.ErrorReportValve.invoke(ErrorReportValve.java:103)
	at org.apache.catalina.valves.AccessLogValve.invoke(AccessLogValve.java:962)
	at org.apache.catalina.core.StandardEngineValve.invoke(StandardEngineValve.java:116)
	at org.apache.catalina.connector.CoyoteAdapter.service(CoyoteAdapter.java:452)
	at org.apache.coyote.http11.AbstractHttp11Processor.process(AbstractHttp11Processor.java:1087)
	at org.apache.coyote.AbstractProtocol$AbstractConnectionHandler.process(AbstractProtocol.java:637)
	at org.apache.tomcat.util.net.JIoEndpoint$SocketProcessor.run(JIoEndpoint.java:316)
	at java.util.concurrent.ThreadPoolExecutor.runWorker(Unknown Source)
	at java.util.concurrent.ThreadPoolExecutor$Worker.run(Unknown Source)
	at org.apache.tomcat.util.threads.TaskThread$WrappingRunnable.run(TaskThread.java:61)
	at java.lang.Thread.run(Unknown Source)

ñ³÷. 26, 2017 2:08:34 AM org.apache.catalina.core.StandardWrapperValve invoke
SEVERE: Servlet.service() for servlet [WsChatServlet] in context with path [] threw exception
java.lang.IllegalStateException: Cannot call sendRedirect() after the response has been committed
	at org.apache.catalina.connector.ResponseFacade.sendRedirect(ResponseFacade.java:482)
	at ChatServlet.doGet(ChatServlet.java:83)
	at javax.servlet.http.HttpServlet.service(HttpServlet.java:624)
	at javax.servlet.http.HttpServlet.service(HttpServlet.java:731)
	at org.apache.catalina.core.ApplicationFilterChain.internalDoFilter(ApplicationFilterChain.java:303)
	at org.apache.catalina.core.ApplicationFilterChain.doFilter(ApplicationFilterChain.java:208)
	at org.apache.tomcat.websocket.server.WsFilter.doFilter(WsFilter.java:52)
	at org.apache.catalina.core.ApplicationFilterChain.internalDoFilter(ApplicationFilterChain.java:241)
	at org.apache.catalina.core.ApplicationFilterChain.doFilter(ApplicationFilterChain.java:208)
	at org.apache.catalina.core.StandardWrapperValve.invoke(StandardWrapperValve.java:218)
	at org.apache.catalina.core.StandardContextValve.invoke(StandardContextValve.java:110)
	at org.apache.catalina.core.StandardHostValve.invoke(StandardHostValve.java:169)
	at org.apache.catalina.valves.ErrorReportValve.invoke(ErrorReportValve.java:103)
	at org.apache.catalina.valves.AccessLogValve.invoke(AccessLogValve.java:962)
	at org.apache.catalina.core.StandardEngineValve.invoke(StandardEngineValve.java:116)
	at org.apache.catalina.connector.CoyoteAdapter.service(CoyoteAdapter.java:452)
	at org.apache.coyote.http11.AbstractHttp11Processor.process(AbstractHttp11Processor.java:1087)
	at org.apache.coyote.AbstractProtocol$AbstractConnectionHandler.process(AbstractProtocol.java:637)
	at org.apache.tomcat.util.net.JIoEndpoint$SocketProcessor.run(JIoEndpoint.java:316)
	at java.util.concurrent.ThreadPoolExecutor.runWorker(Unknown Source)
	at java.util.concurrent.ThreadPoolExecutor$Worker.run(Unknown Source)
	at org.apache.tomcat.util.threads.TaskThread$WrappingRunnable.run(TaskThread.java:61)
	at java.lang.Thread.run(Unknown Source)

ñ³÷. 26, 2017 2:09:30 AM org.apache.catalina.core.StandardWrapperValve invoke
SEVERE: Servlet.service() for servlet [WsChatServlet] in context with path [] threw exception
java.lang.IllegalStateException: Cannot call sendRedirect() after the response has been committed
	at org.apache.catalina.connector.ResponseFacade.sendRedirect(ResponseFacade.java:482)
	at ChatServlet.doGet(ChatServlet.java:83)
	at javax.servlet.http.HttpServlet.service(HttpServlet.java:624)
	at javax.servlet.http.HttpServlet.service(HttpServlet.java:731)
	at org.apache.catalina.core.ApplicationFilterChain.internalDoFilter(ApplicationFilterChain.java:303)
	at org.apache.catalina.core.ApplicationFilterChain.doFilter(ApplicationFilterChain.java:208)
	at org.apache.tomcat.websocket.server.WsFilter.doFilter(WsFilter.java:52)
	at org.apache.catalina.core.ApplicationFilterChain.internalDoFilter(ApplicationFilterChain.java:241)
	at org.apache.catalina.core.ApplicationFilterChain.doFilter(ApplicationFilterChain.java:208)
	at org.apache.catalina.core.StandardWrapperValve.invoke(StandardWrapperValve.java:218)
	at org.apache.catalina.core.StandardContextValve.invoke(StandardContextValve.java:110)
	at org.apache.catalina.core.StandardHostValve.invoke(StandardHostValve.java:169)
	at org.apache.catalina.valves.ErrorReportValve.invoke(ErrorReportValve.java:103)
	at org.apache.catalina.valves.AccessLogValve.invoke(AccessLogValve.java:962)
	at org.apache.catalina.core.StandardEngineValve.invoke(StandardEngineValve.java:116)
	at org.apache.catalina.connector.CoyoteAdapter.service(CoyoteAdapter.java:452)
	at org.apache.coyote.http11.AbstractHttp11Processor.process(AbstractHttp11Processor.java:1087)
	at org.apache.coyote.AbstractProtocol$AbstractConnectionHandler.process(AbstractProtocol.java:637)
	at org.apache.tomcat.util.net.JIoEndpoint$SocketProcessor.run(JIoEndpoint.java:316)
	at java.util.concurrent.ThreadPoolExecutor.runWorker(Unknown Source)
	at java.util.concurrent.ThreadPoolExecutor$Worker.run(Unknown Source)
	at org.apache.tomcat.util.threads.TaskThread$WrappingRunnable.run(TaskThread.java:61)
	at java.lang.Thread.run(Unknown Source)

ñ³÷. 26, 2017 2:38:30 AM org.apache.catalina.core.ApplicationContext log
INFO: SessionListener: contextDestroyed()
ñ³÷. 26, 2017 2:38:30 AM org.apache.catalina.core.ApplicationContext log
INFO: ContextListener: contextDestroyed()
ñ³÷. 26, 2017 2:38:39 AM org.apache.catalina.core.ApplicationContext log
INFO: ContextListener: contextInitialized()
ñ³÷. 26, 2017 2:38:39 AM org.apache.catalina.core.ApplicationContext log
INFO: SessionListener: contextInitialized()
ñ³÷. 26, 2017 2:38:39 AM org.apache.catalina.core.ApplicationContext log
INFO: ContextListener: attributeAdded('org.apache.jasper.compiler.TldLocationsCache', 'org.apache.jasper.compiler.TldLocationsCache@6394df83')
ñ³÷. 26, 2017 2:41:37 AM org.apache.catalina.core.ApplicationContext log
INFO: SessionListener: contextDestroyed()
ñ³÷. 26, 2017 2:41:37 AM org.apache.catalina.core.ApplicationContext log
INFO: ContextListener: contextDestroyed()
ñ³÷. 26, 2017 2:41:53 AM org.apache.catalina.core.ApplicationContext log
INFO: ContextListener: contextInitialized()
ñ³÷. 26, 2017 2:41:53 AM org.apache.catalina.core.ApplicationContext log
INFO: SessionListener: contextInitialized()
ñ³÷. 26, 2017 2:41:53 AM org.apache.catalina.core.ApplicationContext log
INFO: ContextListener: attributeAdded('org.apache.jasper.compiler.TldLocationsCache', 'org.apache.jasper.compiler.TldLocationsCache@33ca2189')
ñ³÷. 26, 2017 2:45:47 AM org.apache.catalina.core.ApplicationContext log
INFO: SessionListener: contextDestroyed()
ñ³÷. 26, 2017 2:45:47 AM org.apache.catalina.core.ApplicationContext log
INFO: ContextListener: contextDestroyed()
ñ³÷. 26, 2017 2:45:56 AM org.apache.catalina.core.ApplicationContext log
INFO: ContextListener: contextInitialized()
ñ³÷. 26, 2017 2:45:56 AM org.apache.catalina.core.ApplicationContext log
INFO: SessionListener: contextInitialized()
ñ³÷. 26, 2017 2:45:57 AM org.apache.catalina.core.ApplicationContext log
INFO: ContextListener: attributeAdded('org.apache.jasper.compiler.TldLocationsCache', 'org.apache.jasper.compiler.TldLocationsCache@6394df83')
ñ³÷. 26, 2017 2:48:57 AM org.apache.catalina.core.StandardWrapperValve invoke
SEVERE: Servlet.service() for servlet [WsChatServlet] in context with path [] threw exception
java.lang.IllegalStateException: Cannot call sendRedirect() after the response has been committed
	at org.apache.catalina.connector.ResponseFacade.sendRedirect(ResponseFacade.java:482)
	at ChatServlet.doGet(ChatServlet.java:91)
	at javax.servlet.http.HttpServlet.service(HttpServlet.java:624)
	at javax.servlet.http.HttpServlet.service(HttpServlet.java:731)
	at org.apache.catalina.core.ApplicationFilterChain.internalDoFilter(ApplicationFilterChain.java:303)
	at org.apache.catalina.core.ApplicationFilterChain.doFilter(ApplicationFilterChain.java:208)
	at org.apache.tomcat.websocket.server.WsFilter.doFilter(WsFilter.java:52)
	at org.apache.catalina.core.ApplicationFilterChain.internalDoFilter(ApplicationFilterChain.java:241)
	at org.apache.catalina.core.ApplicationFilterChain.doFilter(ApplicationFilterChain.java:208)
	at org.apache.catalina.core.StandardWrapperValve.invoke(StandardWrapperValve.java:218)
	at org.apache.catalina.core.StandardContextValve.invoke(StandardContextValve.java:110)
	at org.apache.catalina.core.StandardHostValve.invoke(StandardHostValve.java:169)
	at org.apache.catalina.valves.ErrorReportValve.invoke(ErrorReportValve.java:103)
	at org.apache.catalina.valves.AccessLogValve.invoke(AccessLogValve.java:962)
	at org.apache.catalina.core.StandardEngineValve.invoke(StandardEngineValve.java:116)
	at org.apache.catalina.connector.CoyoteAdapter.service(CoyoteAdapter.java:452)
	at org.apache.coyote.http11.AbstractHttp11Processor.process(AbstractHttp11Processor.java:1087)
	at org.apache.coyote.AbstractProtocol$AbstractConnectionHandler.process(AbstractProtocol.java:637)
	at org.apache.tomcat.util.net.JIoEndpoint$SocketProcessor.run(JIoEndpoint.java:318)
	at java.util.concurrent.ThreadPoolExecutor.runWorker(Unknown Source)
	at java.util.concurrent.ThreadPoolExecutor$Worker.run(Unknown Source)
	at org.apache.tomcat.util.threads.TaskThread$WrappingRunnable.run(TaskThread.java:61)
	at java.lang.Thread.run(Unknown Source)

ñ³÷. 26, 2017 2:54:29 AM org.apache.catalina.core.ApplicationContext log
INFO: SessionListener: contextDestroyed()
ñ³÷. 26, 2017 2:54:29 AM org.apache.catalina.core.ApplicationContext log
INFO: ContextListener: contextDestroyed()
ñ³÷. 26, 2017 2:54:40 AM org.apache.catalina.core.ApplicationContext log
INFO: ContextListener: contextInitialized()
ñ³÷. 26, 2017 2:54:40 AM org.apache.catalina.core.ApplicationContext log
INFO: SessionListener: contextInitialized()
ñ³÷. 26, 2017 2:54:40 AM org.apache.catalina.core.ApplicationContext log
INFO: ContextListener: attributeAdded('org.apache.jasper.compiler.TldLocationsCache', 'org.apache.jasper.compiler.TldLocationsCache@da58334')
ñ³÷. 26, 2017 2:56:21 AM org.apache.catalina.core.ApplicationContext log
INFO: SessionListener: contextDestroyed()
ñ³÷. 26, 2017 2:56:21 AM org.apache.catalina.core.ApplicationContext log
INFO: ContextListener: contextDestroyed()
ñ³÷. 26, 2017 2:56:31 AM org.apache.catalina.core.ApplicationContext log
INFO: ContextListener: contextInitialized()
ñ³÷. 26, 2017 2:56:31 AM org.apache.catalina.core.ApplicationContext log
INFO: SessionListener: contextInitialized()
ñ³÷. 26, 2017 2:56:31 AM org.apache.catalina.core.ApplicationContext log
INFO: ContextListener: attributeAdded('org.apache.jasper.compiler.TldLocationsCache', 'org.apache.jasper.compiler.TldLocationsCache@da58334')
ñ³÷. 26, 2017 2:59:43 AM org.apache.catalina.core.ApplicationContext log
INFO: SessionListener: contextDestroyed()
ñ³÷. 26, 2017 2:59:43 AM org.apache.catalina.core.ApplicationContext log
INFO: ContextListener: contextDestroyed()
ñ³÷. 26, 2017 2:59:53 AM org.apache.catalina.core.ApplicationContext log
INFO: ContextListener: contextInitialized()
ñ³÷. 26, 2017 2:59:53 AM org.apache.catalina.core.ApplicationContext log
INFO: SessionListener: contextInitialized()
ñ³÷. 26, 2017 2:59:53 AM org.apache.catalina.core.ApplicationContext log
INFO: ContextListener: attributeAdded('org.apache.jasper.compiler.TldLocationsCache', 'org.apache.jasper.compiler.TldLocationsCache@2db4b089')
ñ³÷. 26, 2017 3:00:23 AM org.apache.catalina.core.ApplicationDispatcher invoke
SEVERE: Servlet.service() for servlet default threw exception
java.io.FileNotFoundException: The requested resource (/alert%28%22Bad%20login%22%29%3B) is not available
	at org.apache.catalina.servlets.DefaultServlet.serveResource(DefaultServlet.java:836)
	at org.apache.catalina.servlets.DefaultServlet.doGet(DefaultServlet.java:441)
	at javax.servlet.http.HttpServlet.service(HttpServlet.java:624)
	at javax.servlet.http.HttpServlet.service(HttpServlet.java:731)
	at org.apache.catalina.core.ApplicationFilterChain.internalDoFilter(ApplicationFilterChain.java:303)
	at org.apache.catalina.core.ApplicationFilterChain.doFilter(ApplicationFilterChain.java:208)
	at org.apache.catalina.core.ApplicationDispatcher.invoke(ApplicationDispatcher.java:747)
	at org.apache.catalina.core.ApplicationDispatcher.doInclude(ApplicationDispatcher.java:603)
	at org.apache.catalina.core.ApplicationDispatcher.include(ApplicationDispatcher.java:542)
	at ChatServlet.doGet(ChatServlet.java:94)
	at javax.servlet.http.HttpServlet.service(HttpServlet.java:624)
	at javax.servlet.http.HttpServlet.service(HttpServlet.java:731)
	at org.apache.catalina.core.ApplicationFilterChain.internalDoFilter(ApplicationFilterChain.java:303)
	at org.apache.catalina.core.ApplicationFilterChain.doFilter(ApplicationFilterChain.java:208)
	at org.apache.tomcat.websocket.server.WsFilter.doFilter(WsFilter.java:52)
	at org.apache.catalina.core.ApplicationFilterChain.internalDoFilter(ApplicationFilterChain.java:241)
	at org.apache.catalina.core.ApplicationFilterChain.doFilter(ApplicationFilterChain.java:208)
	at org.apache.catalina.core.StandardWrapperValve.invoke(StandardWrapperValve.java:218)
	at org.apache.catalina.core.StandardContextValve.invoke(StandardContextValve.java:110)
	at org.apache.catalina.core.StandardHostValve.invoke(StandardHostValve.java:169)
	at org.apache.catalina.valves.ErrorReportValve.invoke(ErrorReportValve.java:103)
	at org.apache.catalina.valves.AccessLogValve.invoke(AccessLogValve.java:962)
	at org.apache.catalina.core.StandardEngineValve.invoke(StandardEngineValve.java:116)
	at org.apache.catalina.connector.CoyoteAdapter.service(CoyoteAdapter.java:452)
	at org.apache.coyote.http11.AbstractHttp11Processor.process(AbstractHttp11Processor.java:1087)
	at org.apache.coyote.AbstractProtocol$AbstractConnectionHandler.process(AbstractProtocol.java:637)
	at org.apache.tomcat.util.net.JIoEndpoint$SocketProcessor.run(JIoEndpoint.java:318)
	at java.util.concurrent.ThreadPoolExecutor.runWorker(Unknown Source)
	at java.util.concurrent.ThreadPoolExecutor$Worker.run(Unknown Source)
	at org.apache.tomcat.util.threads.TaskThread$WrappingRunnable.run(TaskThread.java:61)
	at java.lang.Thread.run(Unknown Source)

ñ³÷. 26, 2017 3:00:23 AM org.apache.catalina.core.StandardWrapperValve invoke
SEVERE: Servlet.service() for servlet [WsChatServlet] in context with path [] threw exception
java.io.FileNotFoundException: The requested resource (/alert%28%22Bad%20login%22%29%3B) is not available
	at org.apache.catalina.servlets.DefaultServlet.serveResource(DefaultServlet.java:836)
	at org.apache.catalina.servlets.DefaultServlet.doGet(DefaultServlet.java:441)
	at javax.servlet.http.HttpServlet.service(HttpServlet.java:624)
	at javax.servlet.http.HttpServlet.service(HttpServlet.java:731)
	at org.apache.catalina.core.ApplicationFilterChain.internalDoFilter(ApplicationFilterChain.java:303)
	at org.apache.catalina.core.ApplicationFilterChain.doFilter(ApplicationFilterChain.java:208)
	at org.apache.catalina.core.ApplicationDispatcher.invoke(ApplicationDispatcher.java:747)
	at org.apache.catalina.core.ApplicationDispatcher.doInclude(ApplicationDispatcher.java:603)
	at org.apache.catalina.core.ApplicationDispatcher.include(ApplicationDispatcher.java:542)
	at ChatServlet.doGet(ChatServlet.java:94)
	at javax.servlet.http.HttpServlet.service(HttpServlet.java:624)
	at javax.servlet.http.HttpServlet.service(HttpServlet.java:731)
	at org.apache.catalina.core.ApplicationFilterChain.internalDoFilter(ApplicationFilterChain.java:303)
	at org.apache.catalina.core.ApplicationFilterChain.doFilter(ApplicationFilterChain.java:208)
	at org.apache.tomcat.websocket.server.WsFilter.doFilter(WsFilter.java:52)
	at org.apache.catalina.core.ApplicationFilterChain.internalDoFilter(ApplicationFilterChain.java:241)
	at org.apache.catalina.core.ApplicationFilterChain.doFilter(ApplicationFilterChain.java:208)
	at org.apache.catalina.core.StandardWrapperValve.invoke(StandardWrapperValve.java:218)
	at org.apache.catalina.core.StandardContextValve.invoke(StandardContextValve.java:110)
	at org.apache.catalina.core.StandardHostValve.invoke(StandardHostValve.java:169)
	at org.apache.catalina.valves.ErrorReportValve.invoke(ErrorReportValve.java:103)
	at org.apache.catalina.valves.AccessLogValve.invoke(AccessLogValve.java:962)
	at org.apache.catalina.core.StandardEngineValve.invoke(StandardEngineValve.java:116)
	at org.apache.catalina.connector.CoyoteAdapter.service(CoyoteAdapter.java:452)
	at org.apache.coyote.http11.AbstractHttp11Processor.process(AbstractHttp11Processor.java:1087)
	at org.apache.coyote.AbstractProtocol$AbstractConnectionHandler.process(AbstractProtocol.java:637)
	at org.apache.tomcat.util.net.JIoEndpoint$SocketProcessor.run(JIoEndpoint.java:318)
	at java.util.concurrent.ThreadPoolExecutor.runWorker(Unknown Source)
	at java.util.concurrent.ThreadPoolExecutor$Worker.run(Unknown Source)
	at org.apache.tomcat.util.threads.TaskThread$WrappingRunnable.run(TaskThread.java:61)
	at java.lang.Thread.run(Unknown Source)

ñ³÷. 26, 2017 3:01:06 AM org.apache.catalina.core.ApplicationContext log
INFO: SessionListener: contextDestroyed()
ñ³÷. 26, 2017 3:01:06 AM org.apache.catalina.core.ApplicationContext log
INFO: ContextListener: contextDestroyed()
ñ³÷. 26, 2017 3:01:15 AM org.apache.catalina.core.ApplicationContext log
INFO: ContextListener: contextInitialized()
ñ³÷. 26, 2017 3:01:15 AM org.apache.catalina.core.ApplicationContext log
INFO: SessionListener: contextInitialized()
ñ³÷. 26, 2017 3:01:15 AM org.apache.catalina.core.ApplicationContext log
INFO: ContextListener: attributeAdded('org.apache.jasper.compiler.TldLocationsCache', 'org.apache.jasper.compiler.TldLocationsCache@da58334')
ñ³÷. 26, 2017 3:02:00 AM org.apache.catalina.core.ApplicationContext log
INFO: SessionListener: contextDestroyed()
ñ³÷. 26, 2017 3:02:00 AM org.apache.catalina.core.ApplicationContext log
INFO: ContextListener: contextDestroyed()
ñ³÷. 26, 2017 11:53:25 AM org.apache.catalina.core.ApplicationContext log
INFO: ContextListener: contextInitialized()
ñ³÷. 26, 2017 11:53:25 AM org.apache.catalina.core.ApplicationContext log
INFO: SessionListener: contextInitialized()
ñ³÷. 26, 2017 11:53:25 AM org.apache.catalina.core.ApplicationContext log
INFO: ContextListener: attributeAdded('org.apache.jasper.compiler.TldLocationsCache', 'org.apache.jasper.compiler.TldLocationsCache@70e9a6a8')
ñ³÷. 26, 2017 11:57:10 AM org.apache.catalina.core.ApplicationContext log
INFO: SessionListener: contextDestroyed()
ñ³÷. 26, 2017 11:57:10 AM org.apache.catalina.core.ApplicationContext log
INFO: ContextListener: contextDestroyed()
ñ³÷. 26, 2017 11:57:21 AM org.apache.catalina.core.ApplicationContext log
INFO: ContextListener: contextInitialized()
ñ³÷. 26, 2017 11:57:21 AM org.apache.catalina.core.ApplicationContext log
INFO: SessionListener: contextInitialized()
ñ³÷. 26, 2017 11:57:21 AM org.apache.catalina.core.ApplicationContext log
INFO: ContextListener: attributeAdded('org.apache.jasper.compiler.TldLocationsCache', 'org.apache.jasper.compiler.TldLocationsCache@2577a98b')
ñ³÷. 26, 2017 1:18:20 PM org.apache.catalina.core.ApplicationContext log
INFO: SessionListener: contextDestroyed()
ñ³÷. 26, 2017 1:18:20 PM org.apache.catalina.core.ApplicationContext log
INFO: ContextListener: contextDestroyed()
ñ³÷. 26, 2017 1:18:32 PM org.apache.catalina.core.ApplicationContext log
INFO: ContextListener: contextInitialized()
ñ³÷. 26, 2017 1:18:32 PM org.apache.catalina.core.ApplicationContext log
INFO: SessionListener: contextInitialized()
ñ³÷. 26, 2017 1:18:32 PM org.apache.catalina.core.ApplicationContext log
INFO: ContextListener: attributeAdded('org.apache.jasper.compiler.TldLocationsCache', 'org.apache.jasper.compiler.TldLocationsCache@da58334')
ñ³÷. 26, 2017 1:23:10 PM org.apache.catalina.core.ApplicationContext log
INFO: SessionListener: contextDestroyed()
ñ³÷. 26, 2017 1:23:10 PM org.apache.catalina.core.ApplicationContext log
INFO: ContextListener: contextDestroyed()
ñ³÷. 26, 2017 1:23:20 PM org.apache.catalina.core.ApplicationContext log
INFO: ContextListener: contextInitialized()
ñ³÷. 26, 2017 1:23:20 PM org.apache.catalina.core.ApplicationContext log
INFO: SessionListener: contextInitialized()
ñ³÷. 26, 2017 1:23:20 PM org.apache.catalina.core.ApplicationContext log
INFO: ContextListener: attributeAdded('org.apache.jasper.compiler.TldLocationsCache', 'org.apache.jasper.compiler.TldLocationsCache@17af78ee')
ñ³÷. 26, 2017 1:27:51 PM org.apache.catalina.core.ApplicationContext log
INFO: SessionListener: contextDestroyed()
ñ³÷. 26, 2017 1:27:51 PM org.apache.catalina.core.ApplicationContext log
INFO: ContextListener: contextDestroyed()
ñ³÷. 26, 2017 1:28:04 PM org.apache.catalina.core.ApplicationContext log
INFO: ContextListener: contextInitialized()
ñ³÷. 26, 2017 1:28:04 PM org.apache.catalina.core.ApplicationContext log
INFO: SessionListener: contextInitialized()
ñ³÷. 26, 2017 1:28:04 PM org.apache.catalina.core.ApplicationContext log
INFO: ContextListener: attributeAdded('org.apache.jasper.compiler.TldLocationsCache', 'org.apache.jasper.compiler.TldLocationsCache@70f3c483')
ñ³÷. 26, 2017 1:30:42 PM org.apache.catalina.core.ApplicationContext log
INFO: SessionListener: contextDestroyed()
ñ³÷. 26, 2017 1:30:42 PM org.apache.catalina.core.ApplicationContext log
INFO: ContextListener: contextDestroyed()
ñ³÷. 26, 2017 1:30:53 PM org.apache.catalina.core.ApplicationContext log
INFO: ContextListener: contextInitialized()
ñ³÷. 26, 2017 1:30:53 PM org.apache.catalina.core.ApplicationContext log
INFO: SessionListener: contextInitialized()
ñ³÷. 26, 2017 1:30:53 PM org.apache.catalina.core.ApplicationContext log
INFO: ContextListener: attributeAdded('org.apache.jasper.compiler.TldLocationsCache', 'org.apache.jasper.compiler.TldLocationsCache@70f3c483')
ñ³÷. 26, 2017 1:32:59 PM org.apache.catalina.core.ApplicationContext log
INFO: SessionListener: contextDestroyed()
ñ³÷. 26, 2017 1:32:59 PM org.apache.catalina.core.ApplicationContext log
INFO: ContextListener: contextDestroyed()
ñ³÷. 26, 2017 1:33:09 PM org.apache.catalina.core.ApplicationContext log
INFO: ContextListener: contextInitialized()
ñ³÷. 26, 2017 1:33:09 PM org.apache.catalina.core.ApplicationContext log
INFO: SessionListener: contextInitialized()
ñ³÷. 26, 2017 1:33:09 PM org.apache.catalina.core.ApplicationContext log
INFO: ContextListener: attributeAdded('org.apache.jasper.compiler.TldLocationsCache', 'org.apache.jasper.compiler.TldLocationsCache@17af78ee')
ñ³÷. 26, 2017 1:41:45 PM org.apache.catalina.core.ApplicationContext log
INFO: SessionListener: contextDestroyed()
ñ³÷. 26, 2017 1:41:45 PM org.apache.catalina.core.ApplicationContext log
INFO: ContextListener: contextDestroyed()
ñ³÷. 26, 2017 1:42:00 PM org.apache.catalina.core.ApplicationContext log
INFO: ContextListener: contextInitialized()
ñ³÷. 26, 2017 1:42:00 PM org.apache.catalina.core.ApplicationContext log
INFO: SessionListener: contextInitialized()
ñ³÷. 26, 2017 1:42:00 PM org.apache.catalina.core.ApplicationContext log
INFO: ContextListener: attributeAdded('org.apache.jasper.compiler.TldLocationsCache', 'org.apache.jasper.compiler.TldLocationsCache@7517fec0')
ñ³÷. 26, 2017 1:48:23 PM org.apache.catalina.core.ApplicationContext log
INFO: SessionListener: contextDestroyed()
ñ³÷. 26, 2017 1:48:23 PM org.apache.catalina.core.ApplicationContext log
INFO: ContextListener: contextDestroyed()
ñ³÷. 26, 2017 1:48:33 PM org.apache.catalina.core.ApplicationContext log
INFO: ContextListener: contextInitialized()
ñ³÷. 26, 2017 1:48:33 PM org.apache.catalina.core.ApplicationContext log
INFO: SessionListener: contextInitialized()
ñ³÷. 26, 2017 1:48:33 PM org.apache.catalina.core.ApplicationContext log
INFO: ContextListener: attributeAdded('org.apache.jasper.compiler.TldLocationsCache', 'org.apache.jasper.compiler.TldLocationsCache@12a57b41')
ñ³÷. 26, 2017 1:49:16 PM org.apache.catalina.core.ApplicationContext log
INFO: SessionListener: contextDestroyed()
ñ³÷. 26, 2017 1:49:16 PM org.apache.catalina.core.ApplicationContext log
INFO: ContextListener: contextDestroyed()
ñ³÷. 26, 2017 2:13:50 PM org.apache.catalina.core.ApplicationContext log
INFO: ContextListener: contextInitialized()
ñ³÷. 26, 2017 2:13:50 PM org.apache.catalina.core.ApplicationContext log
INFO: SessionListener: contextInitialized()
ñ³÷. 26, 2017 2:13:50 PM org.apache.catalina.core.ApplicationContext log
INFO: ContextListener: attributeAdded('org.apache.jasper.compiler.TldLocationsCache', 'org.apache.jasper.compiler.TldLocationsCache@70f3c483')
ñ³÷. 26, 2017 2:17:44 PM org.apache.catalina.core.ApplicationContext log
INFO: SessionListener: contextDestroyed()
ñ³÷. 26, 2017 2:17:44 PM org.apache.catalina.core.ApplicationContext log
INFO: ContextListener: contextDestroyed()
ñ³÷. 26, 2017 2:17:54 PM org.apache.catalina.core.ApplicationContext log
INFO: ContextListener: contextInitialized()
ñ³÷. 26, 2017 2:17:54 PM org.apache.catalina.core.ApplicationContext log
INFO: SessionListener: contextInitialized()
ñ³÷. 26, 2017 2:17:54 PM org.apache.catalina.core.ApplicationContext log
INFO: ContextListener: attributeAdded('org.apache.jasper.compiler.TldLocationsCache', 'org.apache.jasper.compiler.TldLocationsCache@722723ad')
ñ³÷. 26, 2017 2:19:58 PM org.apache.catalina.core.ApplicationContext log
INFO: SessionListener: contextDestroyed()
ñ³÷. 26, 2017 2:19:58 PM org.apache.catalina.core.ApplicationContext log
INFO: ContextListener: contextDestroyed()
ñ³÷. 26, 2017 2:20:08 PM org.apache.catalina.core.ApplicationContext log
INFO: ContextListener: contextInitialized()
ñ³÷. 26, 2017 2:20:08 PM org.apache.catalina.core.ApplicationContext log
INFO: SessionListener: contextInitialized()
ñ³÷. 26, 2017 2:20:08 PM org.apache.catalina.core.ApplicationContext log
INFO: ContextListener: attributeAdded('org.apache.jasper.compiler.TldLocationsCache', 'org.apache.jasper.compiler.TldLocationsCache@17af78ee')
ñ³÷. 26, 2017 2:25:13 PM org.apache.catalina.core.ApplicationContext log
INFO: SessionListener: contextDestroyed()
ñ³÷. 26, 2017 2:25:13 PM org.apache.catalina.core.ApplicationContext log
INFO: ContextListener: contextDestroyed()
ñ³÷. 26, 2017 2:25:23 PM org.apache.catalina.core.ApplicationContext log
INFO: ContextListener: contextInitialized()
ñ³÷. 26, 2017 2:25:23 PM org.apache.catalina.core.ApplicationContext log
INFO: SessionListener: contextInitialized()
ñ³÷. 26, 2017 2:25:23 PM org.apache.catalina.core.ApplicationContext log
INFO: ContextListener: attributeAdded('org.apache.jasper.compiler.TldLocationsCache', 'org.apache.jasper.compiler.TldLocationsCache@4d3abe4e')
ñ³÷. 26, 2017 2:27:19 PM org.apache.catalina.core.ApplicationContext log
INFO: SessionListener: contextDestroyed()
ñ³÷. 26, 2017 2:27:19 PM org.apache.catalina.core.ApplicationContext log
INFO: ContextListener: contextDestroyed()
ñ³÷. 26, 2017 2:27:32 PM org.apache.catalina.core.ApplicationContext log
INFO: ContextListener: contextInitialized()
ñ³÷. 26, 2017 2:27:32 PM org.apache.catalina.core.ApplicationContext log
INFO: SessionListener: contextInitialized()
ñ³÷. 26, 2017 2:27:32 PM org.apache.catalina.core.ApplicationContext log
INFO: ContextListener: attributeAdded('org.apache.jasper.compiler.TldLocationsCache', 'org.apache.jasper.compiler.TldLocationsCache@17af78ee')
ñ³÷. 26, 2017 2:32:31 PM org.apache.catalina.core.ApplicationContext log
INFO: SessionListener: contextDestroyed()
ñ³÷. 26, 2017 2:32:31 PM org.apache.catalina.core.ApplicationContext log
INFO: ContextListener: contextDestroyed()
ñ³÷. 26, 2017 2:32:40 PM org.apache.catalina.core.ApplicationContext log
INFO: ContextListener: contextInitialized()
ñ³÷. 26, 2017 2:32:40 PM org.apache.catalina.core.ApplicationContext log
INFO: SessionListener: contextInitialized()
ñ³÷. 26, 2017 2:32:40 PM org.apache.catalina.core.ApplicationContext log
INFO: ContextListener: attributeAdded('org.apache.jasper.compiler.TldLocationsCache', 'org.apache.jasper.compiler.TldLocationsCache@1de6d794')
