ñ³÷. 27, 2017 11:17:37 AM org.apache.catalina.core.ApplicationContext log
INFO: ContextListener: contextInitialized()
ñ³÷. 27, 2017 11:17:37 AM org.apache.catalina.core.ApplicationContext log
INFO: SessionListener: contextInitialized()
ñ³÷. 27, 2017 11:17:37 AM org.apache.catalina.core.ApplicationContext log
INFO: ContextListener: attributeAdded('org.apache.jasper.compiler.TldLocationsCache', 'org.apache.jasper.compiler.TldLocationsCache@729272c7')
ñ³÷. 27, 2017 11:36:59 AM org.apache.catalina.core.ApplicationContext log
INFO: ContextListener: contextInitialized()
ñ³÷. 27, 2017 11:36:59 AM org.apache.catalina.core.ApplicationContext log
INFO: SessionListener: contextInitialized()
ñ³÷. 27, 2017 11:36:59 AM org.apache.catalina.core.ApplicationContext log
INFO: ContextListener: attributeAdded('org.apache.jasper.compiler.TldLocationsCache', 'org.apache.jasper.compiler.TldLocationsCache@1a04d8b9')
ñ³÷. 27, 2017 11:37:00 AM org.apache.catalina.core.ApplicationContext log
INFO: SessionListener: contextDestroyed()
ñ³÷. 27, 2017 11:37:00 AM org.apache.catalina.core.ApplicationContext log
INFO: ContextListener: contextDestroyed()
ñ³÷. 27, 2017 11:37:11 AM org.apache.catalina.core.ApplicationContext log
INFO: SessionListener: contextDestroyed()
ñ³÷. 27, 2017 11:37:11 AM org.apache.catalina.core.ApplicationContext log
INFO: ContextListener: contextDestroyed()
ñ³÷. 27, 2017 11:37:23 AM org.apache.catalina.core.ApplicationContext log
INFO: ContextListener: contextInitialized()
ñ³÷. 27, 2017 11:37:23 AM org.apache.catalina.core.ApplicationContext log
INFO: SessionListener: contextInitialized()
ñ³÷. 27, 2017 11:37:23 AM org.apache.catalina.core.ApplicationContext log
INFO: ContextListener: attributeAdded('org.apache.jasper.compiler.TldLocationsCache', 'org.apache.jasper.compiler.TldLocationsCache@722723ad')
ñ³÷. 27, 2017 11:39:51 AM org.apache.catalina.core.ApplicationContext log
INFO: SessionListener: contextDestroyed()
ñ³÷. 27, 2017 11:39:51 AM org.apache.catalina.core.ApplicationContext log
INFO: ContextListener: contextDestroyed()
ñ³÷. 27, 2017 11:40:16 AM org.apache.catalina.core.ApplicationContext log
INFO: ContextListener: contextInitialized()
ñ³÷. 27, 2017 11:40:16 AM org.apache.catalina.core.ApplicationContext log
INFO: SessionListener: contextInitialized()
ñ³÷. 27, 2017 11:40:16 AM org.apache.catalina.core.ApplicationContext log
INFO: ContextListener: attributeAdded('org.apache.jasper.compiler.TldLocationsCache', 'org.apache.jasper.compiler.TldLocationsCache@36fa4406')
ñ³÷. 27, 2017 11:47:48 AM org.apache.catalina.core.ApplicationContext log
INFO: SessionListener: contextDestroyed()
ñ³÷. 27, 2017 11:47:48 AM org.apache.catalina.core.ApplicationContext log
INFO: ContextListener: contextDestroyed()
ñ³÷. 27, 2017 11:48:03 AM org.apache.catalina.core.ApplicationContext log
INFO: ContextListener: contextInitialized()
ñ³÷. 27, 2017 11:48:03 AM org.apache.catalina.core.ApplicationContext log
INFO: SessionListener: contextInitialized()
ñ³÷. 27, 2017 11:48:04 AM org.apache.catalina.core.ApplicationContext log
INFO: ContextListener: attributeAdded('org.apache.jasper.compiler.TldLocationsCache', 'org.apache.jasper.compiler.TldLocationsCache@70f3c483')
ñ³÷. 27, 2017 11:55:04 AM org.apache.catalina.core.ApplicationContext log
INFO: SessionListener: contextDestroyed()
ñ³÷. 27, 2017 11:55:04 AM org.apache.catalina.core.ApplicationContext log
INFO: ContextListener: contextDestroyed()
ñ³÷. 27, 2017 11:55:13 AM org.apache.catalina.core.ApplicationContext log
INFO: ContextListener: contextInitialized()
ñ³÷. 27, 2017 11:55:13 AM org.apache.catalina.core.ApplicationContext log
INFO: SessionListener: contextInitialized()
ñ³÷. 27, 2017 11:55:13 AM org.apache.catalina.core.ApplicationContext log
INFO: ContextListener: attributeAdded('org.apache.jasper.compiler.TldLocationsCache', 'org.apache.jasper.compiler.TldLocationsCache@70f3c483')
ñ³÷. 27, 2017 11:59:32 AM org.apache.catalina.core.ApplicationContext log
INFO: SessionListener: contextDestroyed()
ñ³÷. 27, 2017 11:59:32 AM org.apache.catalina.core.ApplicationContext log
INFO: ContextListener: contextDestroyed()
ñ³÷. 27, 2017 11:59:42 AM org.apache.catalina.core.ApplicationContext log
INFO: ContextListener: contextInitialized()
ñ³÷. 27, 2017 11:59:42 AM org.apache.catalina.core.ApplicationContext log
INFO: SessionListener: contextInitialized()
ñ³÷. 27, 2017 11:59:42 AM org.apache.catalina.core.ApplicationContext log
INFO: ContextListener: attributeAdded('org.apache.jasper.compiler.TldLocationsCache', 'org.apache.jasper.compiler.TldLocationsCache@17af78ee')
ñ³÷. 27, 2017 12:02:42 PM org.apache.catalina.core.ApplicationContext log
INFO: SessionListener: contextDestroyed()
ñ³÷. 27, 2017 12:02:42 PM org.apache.catalina.core.ApplicationContext log
INFO: ContextListener: contextDestroyed()
ñ³÷. 27, 2017 12:02:58 PM org.apache.catalina.core.ApplicationContext log
INFO: ContextListener: contextInitialized()
ñ³÷. 27, 2017 12:02:58 PM org.apache.catalina.core.ApplicationContext log
INFO: SessionListener: contextInitialized()
ñ³÷. 27, 2017 12:02:58 PM org.apache.catalina.core.ApplicationContext log
INFO: ContextListener: attributeAdded('org.apache.jasper.compiler.TldLocationsCache', 'org.apache.jasper.compiler.TldLocationsCache@12a57b41')
ñ³÷. 27, 2017 12:03:37 PM org.apache.catalina.core.ApplicationContext log
INFO: SessionListener: contextDestroyed()
ñ³÷. 27, 2017 12:03:37 PM org.apache.catalina.core.ApplicationContext log
INFO: ContextListener: contextDestroyed()
ñ³÷. 27, 2017 12:04:05 PM org.apache.catalina.core.ApplicationContext log
INFO: ContextListener: contextInitialized()
ñ³÷. 27, 2017 12:04:05 PM org.apache.catalina.core.ApplicationContext log
INFO: SessionListener: contextInitialized()
ñ³÷. 27, 2017 12:04:05 PM org.apache.catalina.core.ApplicationContext log
INFO: ContextListener: attributeAdded('org.apache.jasper.compiler.TldLocationsCache', 'org.apache.jasper.compiler.TldLocationsCache@4782756')
ñ³÷. 27, 2017 12:45:42 PM org.apache.catalina.core.ApplicationContext log
INFO: SessionListener: contextDestroyed()
ñ³÷. 27, 2017 12:45:42 PM org.apache.catalina.core.ApplicationContext log
INFO: ContextListener: contextDestroyed()
ñ³÷. 27, 2017 12:45:55 PM org.apache.catalina.core.ApplicationContext log
INFO: ContextListener: contextInitialized()
ñ³÷. 27, 2017 12:45:55 PM org.apache.catalina.core.ApplicationContext log
INFO: SessionListener: contextInitialized()
ñ³÷. 27, 2017 12:45:55 PM org.apache.catalina.core.ApplicationContext log
INFO: ContextListener: attributeAdded('org.apache.jasper.compiler.TldLocationsCache', 'org.apache.jasper.compiler.TldLocationsCache@70f3c483')
ñ³÷. 27, 2017 12:47:37 PM org.apache.catalina.core.ApplicationContext log
INFO: SessionListener: contextDestroyed()
ñ³÷. 27, 2017 12:47:37 PM org.apache.catalina.core.ApplicationContext log
INFO: ContextListener: contextDestroyed()
ñ³÷. 27, 2017 12:47:47 PM org.apache.catalina.core.ApplicationContext log
INFO: ContextListener: contextInitialized()
ñ³÷. 27, 2017 12:47:47 PM org.apache.catalina.core.ApplicationContext log
INFO: SessionListener: contextInitialized()
ñ³÷. 27, 2017 12:47:47 PM org.apache.catalina.core.ApplicationContext log
INFO: ContextListener: attributeAdded('org.apache.jasper.compiler.TldLocationsCache', 'org.apache.jasper.compiler.TldLocationsCache@722723ad')
ñ³÷. 27, 2017 12:48:49 PM org.apache.catalina.core.ApplicationContext log
INFO: SessionListener: contextDestroyed()
ñ³÷. 27, 2017 12:48:49 PM org.apache.catalina.core.ApplicationContext log
INFO: ContextListener: contextDestroyed()
ñ³÷. 27, 2017 12:49:00 PM org.apache.catalina.core.ApplicationContext log
INFO: ContextListener: contextInitialized()
ñ³÷. 27, 2017 12:49:00 PM org.apache.catalina.core.ApplicationContext log
INFO: SessionListener: contextInitialized()
ñ³÷. 27, 2017 12:49:00 PM org.apache.catalina.core.ApplicationContext log
INFO: ContextListener: attributeAdded('org.apache.jasper.compiler.TldLocationsCache', 'org.apache.jasper.compiler.TldLocationsCache@17af78ee')
ñ³÷. 27, 2017 12:49:39 PM org.apache.catalina.core.ApplicationContext log
INFO: SessionListener: contextDestroyed()
ñ³÷. 27, 2017 12:49:39 PM org.apache.catalina.core.ApplicationContext log
INFO: ContextListener: contextDestroyed()
ñ³÷. 27, 2017 12:49:49 PM org.apache.catalina.core.ApplicationContext log
INFO: ContextListener: contextInitialized()
ñ³÷. 27, 2017 12:49:49 PM org.apache.catalina.core.ApplicationContext log
INFO: SessionListener: contextInitialized()
ñ³÷. 27, 2017 12:49:49 PM org.apache.catalina.core.ApplicationContext log
INFO: ContextListener: attributeAdded('org.apache.jasper.compiler.TldLocationsCache', 'org.apache.jasper.compiler.TldLocationsCache@70f3c483')
ñ³÷. 27, 2017 12:50:40 PM org.apache.catalina.core.ApplicationContext log
INFO: SessionListener: contextDestroyed()
ñ³÷. 27, 2017 12:50:40 PM org.apache.catalina.core.ApplicationContext log
INFO: ContextListener: contextDestroyed()
ñ³÷. 27, 2017 12:50:51 PM org.apache.catalina.core.ApplicationContext log
INFO: ContextListener: contextInitialized()
ñ³÷. 27, 2017 12:50:51 PM org.apache.catalina.core.ApplicationContext log
INFO: SessionListener: contextInitialized()
ñ³÷. 27, 2017 12:50:51 PM org.apache.catalina.core.ApplicationContext log
INFO: ContextListener: attributeAdded('org.apache.jasper.compiler.TldLocationsCache', 'org.apache.jasper.compiler.TldLocationsCache@70f3c483')
ñ³÷. 27, 2017 12:52:56 PM org.apache.catalina.core.ApplicationContext log
INFO: SessionListener: contextDestroyed()
ñ³÷. 27, 2017 12:52:56 PM org.apache.catalina.core.ApplicationContext log
INFO: ContextListener: contextDestroyed()
ñ³÷. 27, 2017 12:53:06 PM org.apache.catalina.core.ApplicationContext log
INFO: ContextListener: contextInitialized()
ñ³÷. 27, 2017 12:53:06 PM org.apache.catalina.core.ApplicationContext log
INFO: SessionListener: contextInitialized()
ñ³÷. 27, 2017 12:53:06 PM org.apache.catalina.core.ApplicationContext log
INFO: ContextListener: attributeAdded('org.apache.jasper.compiler.TldLocationsCache', 'org.apache.jasper.compiler.TldLocationsCache@70f3c483')
ñ³÷. 27, 2017 12:54:31 PM org.apache.catalina.core.ApplicationContext log
INFO: SessionListener: contextDestroyed()
ñ³÷. 27, 2017 12:54:31 PM org.apache.catalina.core.ApplicationContext log
INFO: ContextListener: contextDestroyed()
ñ³÷. 27, 2017 12:54:41 PM org.apache.catalina.core.ApplicationContext log
INFO: ContextListener: contextInitialized()
ñ³÷. 27, 2017 12:54:41 PM org.apache.catalina.core.ApplicationContext log
INFO: SessionListener: contextInitialized()
ñ³÷. 27, 2017 12:54:41 PM org.apache.catalina.core.ApplicationContext log
INFO: ContextListener: attributeAdded('org.apache.jasper.compiler.TldLocationsCache', 'org.apache.jasper.compiler.TldLocationsCache@17af78ee')
ñ³÷. 27, 2017 12:55:32 PM org.apache.catalina.core.ApplicationContext log
INFO: SessionListener: contextDestroyed()
ñ³÷. 27, 2017 12:55:32 PM org.apache.catalina.core.ApplicationContext log
INFO: ContextListener: contextDestroyed()
ñ³÷. 27, 2017 12:55:43 PM org.apache.catalina.core.ApplicationContext log
INFO: ContextListener: contextInitialized()
ñ³÷. 27, 2017 12:55:43 PM org.apache.catalina.core.ApplicationContext log
INFO: SessionListener: contextInitialized()
ñ³÷. 27, 2017 12:55:43 PM org.apache.catalina.core.ApplicationContext log
INFO: ContextListener: attributeAdded('org.apache.jasper.compiler.TldLocationsCache', 'org.apache.jasper.compiler.TldLocationsCache@4782756')
